1-linux-2.6.28/arch/alpha/kernel/irq_srm.c
2-linux-2.6.28/arch/arm/configs/imx51_3stack_defconfig
3-linux-2.6.28/arch/arm/configs/imx51_defconfig
4-linux-2.6.28/arch/arm/include/asm/hwcap.h
5-linux-2.6.28/arch/arm/include/asm/mach/keypad.h
6-linux-2.6.28/arch/arm/include/asm/pgtable.h
7-linux-2.6.28/arch/arm/kernel/setup.c
8-linux-2.6.28/arch/arm/mach-mx51/board-mx51_3stack.h
9-linux-2.6.28/arch/arm/mach-mx51/board-mx51_babbage.h
10-linux-2.6.28/arch/arm/mach-mx51/clock.c
11-linux-2.6.28/arch/arm/mach-mx51/cpu.c
12-linux-2.6.28/arch/arm/mach-mx51/crm_regs.h
13-linux-2.6.28/arch/arm/mach-mx51/devices.c
14-linux-2.6.28/arch/arm/mach-mx51/dma.c
15-linux-2.6.28/arch/arm/mach-mx51/dummy_gpio.c
16-linux-2.6.28/arch/arm/mach-mx51/iomux.c
17-linux-2.6.28/arch/arm/mach-mx51/iomux.h
18-linux-2.6.28/arch/arm/mach-mx51/lpmodes.c
19-linux-2.6.28/arch/arm/mach-mx51/mm.c
20-linux-2.6.28/arch/arm/mach-mx51/mx51_3stack.c
21-linux-2.6.28/arch/arm/mach-mx51/mx51_3stack_gpio.c
22-linux-2.6.28/arch/arm/mach-mx51/mx51_3stack_pmic_mc13892.c
23-linux-2.6.28/arch/arm/mach-mx51/mx51_babbage.c
24-linux-2.6.28/arch/arm/mach-mx51/mx51_babbage_gpio.c
25-linux-2.6.28/arch/arm/mach-mx51/mx51_babbage_pmic_mc13892.c
26-linux-2.6.28/arch/arm/mach-mx51/mx51_pins.h
27-linux-2.6.28/arch/arm/mach-mx51/pm.c
28-linux-2.6.28/arch/arm/mach-mx51/sdma_script_code.h
../../linux/linux-2.6.28/arch/arm/mach-mx51/sdma_script_code.h
29-linux-2.6.28/arch/arm/mach-mx51/serial.c
30-linux-2.6.28/arch/arm/mach-mx51/serial.h
31-linux-2.6.28/arch/arm/mach-mx51/system.c
32-linux-2.6.28/arch/arm/mach-mx51/usb_dr.c
33-linux-2.6.28/arch/arm/mach-mx51/usb.h
34-linux-2.6.28/arch/arm/mach-mx51/usb_h1.c
35-linux-2.6.28/arch/arm/mach-mx51/usb_h2.c
36-linux-2.6.28/arch/arm/mach-rpc/riscpc.c
37-linux-2.6.28/arch/arm/plat-mxc/clock.c
38-linux-2.6.28/arch/arm/plat-mxc/cpu_common.c
39-linux-2.6.28/arch/arm/plat-mxc/cpufreq.c
40-linux-2.6.28/arch/arm/plat-mxc/dvfs_core.c
41-linux-2.6.28/arch/arm/plat-mxc/gpio.c
42-linux-2.6.28/arch/arm/plat-mxc/include/mach/arc_otg.h
43-linux-2.6.28/arch/arm/plat-mxc/include/mach/clock.h
44-linux-2.6.28/arch/arm/plat-mxc/include/mach/common.h
45-linux-2.6.28/arch/arm/plat-mxc/include/mach/dma.h
46-linux-2.6.28/arch/arm/plat-mxc/include/mach/fsl_usb_gadget.h
47-linux-2.6.28/arch/arm/plat-mxc/include/mach/fsl_usb.h
48-linux-2.6.28/arch/arm/plat-mxc/include/mach/gpio.h
49-linux-2.6.28/arch/arm/plat-mxc/include/mach/hardware.h
50-linux-2.6.28/arch/arm/plat-mxc/include/mach/io.h
51-linux-2.6.28/arch/arm/plat-mxc/include/mach/irqs.h
52-linux-2.6.28/arch/arm/plat-mxc/include/mach/memory.h
53-linux-2.6.28/arch/arm/plat-mxc/include/mach/mmc.h
54-linux-2.6.28/arch/arm/plat-mxc/include/mach/mx51.h
55-linux-2.6.28/arch/arm/plat-mxc/include/mach/mxc.h
56-linux-2.6.28/arch/arm/plat-mxc/include/mach/mxc_scc.h
57-linux-2.6.28/arch/arm/plat-mxc/include/mach/mxc_timer.h
58-linux-2.6.28/arch/arm/plat-mxc/include/mach/mxc_uart.h
59-linux-2.6.28/arch/arm/plat-mxc/include/mach/mxc_vpu.h
60-linux-2.6.28/arch/arm/plat-mxc/include/mach/sdma.h
61-linux-2.6.28/arch/arm/plat-mxc/include/mach/spba.h
62-linux-2.6.28/arch/arm/plat-mxc/include/mach/system.h
63-linux-2.6.28/arch/arm/plat-mxc/include/mach/uncompress.h
64-linux-2.6.28/arch/arm/plat-mxc/io.c
65-linux-2.6.28/arch/arm/plat-mxc/isp1504xc.c
66-linux-2.6.28/arch/arm/plat-mxc/sdma/dma_sdma.c
67-linux-2.6.28/arch/arm/plat-mxc/sdma/iapi/include/epm.h
68-linux-2.6.28/arch/arm/plat-mxc/sdma/iapi/include/iapiDefaults.h
69-linux-2.6.28/arch/arm/plat-mxc/sdma/iapi/include/iapi.h
70-linux-2.6.28/arch/arm/plat-mxc/sdma/iapi/include/iapiHigh.h
71-linux-2.6.28/arch/arm/plat-mxc/sdma/iapi/include/iapiLow.h
72-linux-2.6.28/arch/arm/plat-mxc/sdma/iapi/include/iapiLowMcu.h
73-linux-2.6.28/arch/arm/plat-mxc/sdma/iapi/include/iapiMiddle.h
74-linux-2.6.28/arch/arm/plat-mxc/sdma/iapi/include/iapiMiddleMcu.h
75-linux-2.6.28/arch/arm/plat-mxc/sdma/iapi/include/iapiOS.h
76-linux-2.6.28/arch/arm/plat-mxc/sdma/iapi/include/sdmaStruct.h
77-linux-2.6.28/arch/arm/plat-mxc/sdma/iapi/src/iapiDefaults.c
78-linux-2.6.28/arch/arm/plat-mxc/sdma/iapi/src/iapiHigh.c
79-linux-2.6.28/arch/arm/plat-mxc/sdma/iapi/src/iapiLow.c
80-linux-2.6.28/arch/arm/plat-mxc/sdma/iapi/src/iapiLowMcu.c
81-linux-2.6.28/arch/arm/plat-mxc/sdma/iapi/src/iapiMiddle.c
82-linux-2.6.28/arch/arm/plat-mxc/sdma/iapi/src/iapiMiddleMcu.c
83-linux-2.6.28/arch/arm/plat-mxc/sdma/iapi/src/iapiOS.c
84-linux-2.6.28/arch/arm/plat-mxc/sdma/sdma.c
85-linux-2.6.28/arch/arm/plat-mxc/sdma/sdma_malloc.c
86-linux-2.6.28/arch/arm/plat-mxc/snoop.c
87-linux-2.6.28/arch/arm/plat-mxc/spba.c
88-linux-2.6.28/arch/arm/plat-mxc/tzic.c
89-linux-2.6.28/arch/arm/plat-mxc/usb_common.c
90-linux-2.6.28/arch/arm/plat-mxc/utmixc.c
91-linux-2.6.28/arch/arm/plat-mxc/wdog.c
92-linux-2.6.28/arch/arm/tools/mach-types
93-linux-2.6.28/arch/arm/vfp/vfpmodule.c
94-linux-2.6.28/arch/ia64/hp/common/sba_iommu.c
95-linux-2.6.28/arch/ia64/include/asm/mmzone.h
96-linux-2.6.28/arch/ia64/include/asm/unistd.h
97-linux-2.6.28/arch/ia64/kernel/sys_ia64.c
98-linux-2.6.28/arch/ia64/mm/numa.c
99-linux-2.6.28/arch/ia64/sn/kernel/io_acpi_init.c
100-linux-2.6.28/arch/ia64/sn/kernel/io_init.c
101-linux-2.6.28/arch/mips/include/asm/compat.h
102-linux-2.6.28/arch/mips/include/asm/seccomp.h
103-linux-2.6.28/arch/parisc/include/asm/dma-mapping.h
104-linux-2.6.28/arch/parisc/kernel/pci-dma.c
105-linux-2.6.28/arch/powerpc/include/asm/compat.h
106-linux-2.6.28/arch/powerpc/include/asm/seccomp.h
107-linux-2.6.28/arch/powerpc/include/asm/systbl.h
108-linux-2.6.28/arch/powerpc/kernel/align.c
109-linux-2.6.28/arch/powerpc/mm/fsl_booke_mmu.c
110-linux-2.6.28/arch/powerpc/mm/pgtable_32.c
111-linux-2.6.28/arch/powerpc/mm/slice.c
112-linux-2.6.28/arch/powerpc/sysdev/fsl_soc.c
113-linux-2.6.28/arch/s390/kernel/entry.h
114-linux-2.6.28/arch/s390/kernel/process.c
115-linux-2.6.28/arch/s390/kernel/signal.c
116-linux-2.6.28/arch/s390/kernel/sys_s390.c
117-linux-2.6.28/arch/s390/lib/div64.c
118-linux-2.6.28/arch/sh/include/asm/syscalls_32.h
119-linux-2.6.28/arch/sh/kernel/sys_sh32.c
120-linux-2.6.28/arch/sparc64/kernel/chmc.c
121-linux-2.6.28/arch/sparc64/kernel/sys_sparc.c
122-linux-2.6.28/arch/sparc64/kernel/systbls.h
123-linux-2.6.28/arch/sparc64/kernel/traps.c
124-linux-2.6.28/arch/sparc/include/asm/compat.h
125-linux-2.6.28/arch/sparc/include/asm/seccomp.h
126-linux-2.6.28/arch/x86/include/asm/cpufeature.h
127-linux-2.6.28/arch/x86/include/asm/dma-mapping.h
128-linux-2.6.28/arch/x86/include/asm/hypervisor.h
129-linux-2.6.28/arch/x86/include/asm/math_emu.h
130-linux-2.6.28/arch/x86/include/asm/mmzone_32.h
131-linux-2.6.28/arch/x86/include/asm/mmzone_64.h
132-linux-2.6.28/arch/x86/include/asm/msr-index.h
133-linux-2.6.28/arch/x86/include/asm/paravirt.h
134-linux-2.6.28/arch/x86/include/asm/pgalloc.h
135-linux-2.6.28/arch/x86/include/asm/processor.h
136-linux-2.6.28/arch/x86/include/asm/seccomp_32.h
137-linux-2.6.28/arch/x86/include/asm/seccomp_64.h
138-linux-2.6.28/arch/x86/include/asm/traps.h
139-linux-2.6.28/arch/x86/include/asm/vmware.h
140-linux-2.6.28/arch/x86/kernel/acpi/cstate.c
141-linux-2.6.28/arch/x86/kernel/alternative.c
142-linux-2.6.28/arch/x86/kernel/apic.c
143-linux-2.6.28/arch/x86/kernel/cpu/addon_cpuid_features.c
144-linux-2.6.28/arch/x86/kernel/cpu/common.c
145-linux-2.6.28/arch/x86/kernel/cpu/cpufreq/cpufreq-nforce2.c
146-linux-2.6.28/arch/x86/kernel/cpu/cpufreq/speedstep-centrino.c
147-linux-2.6.28/arch/x86/kernel/cpu/hypervisor.c
148-linux-2.6.28/arch/x86/kernel/cpuid.c
149-linux-2.6.28/arch/x86/kernel/cpu/intel.c
150-linux-2.6.28/arch/x86/kernel/cpu/mtrr/generic.c
151-linux-2.6.28/arch/x86/kernel/cpu/mtrr/main.c
152-linux-2.6.28/arch/x86/kernel/cpu/vmware.c
153-linux-2.6.28/arch/x86/kernel/early-quirks.c
154-linux-2.6.28/arch/x86/kernel/head64.c
155-linux-2.6.28/arch/x86/kernel/hpet.c
156-linux-2.6.28/arch/x86/kernel/microcode_amd.c
157-linux-2.6.28/arch/x86/kernel/msr.c
158-linux-2.6.28/arch/x86/kernel/paravirt.c
159-linux-2.6.28/arch/x86/kernel/pci-gart_64.c
160-linux-2.6.28/arch/x86/kernel/ptrace.c
161-linux-2.6.28/arch/x86/kernel/reboot.c
162-linux-2.6.28/arch/x86/kernel/setup.c
163-linux-2.6.28/arch/x86/kernel/tlb_uv.c
164-linux-2.6.28/arch/x86/kernel/traps.c
165-linux-2.6.28/arch/x86/kernel/tsc.c
166-linux-2.6.28/arch/x86/kernel/tsc_sync.c
167-linux-2.6.28/arch/x86/kernel/vmi_32.c
168-linux-2.6.28/arch/x86/kernel/vmiclock_32.c
169-linux-2.6.28/arch/x86/lib/usercopy_32.c
170-linux-2.6.28/arch/x86/lib/usercopy_64.c
171-linux-2.6.28/arch/x86/math-emu/fpu_entry.c
172-linux-2.6.28/arch/x86/math-emu/fpu_proto.h
173-linux-2.6.28/arch/x86/math-emu/fpu_system.h
174-linux-2.6.28/arch/x86/math-emu/get_address.c
175-linux-2.6.28/arch/x86/mm/fault.c
176-linux-2.6.28/arch/x86/mm/numa_64.c
177-linux-2.6.28/arch/x86/mm/pageattr.c
178-linux-2.6.28/arch/x86/mm/pat.c
179-linux-2.6.28/arch/x86/oprofile/op_model_ppro.c
180-linux-2.6.28/arch/x86/pci/i386.c
181-linux-2.6.28/arch/x86/pci/irq.c
182-linux-2.6.28/arch/x86/xen/enlighten.c
183-linux-2.6.28/crypto/algapi.c
184-linux-2.6.28/crypto/async_tx/async_tx.c
185-linux-2.6.28/crypto/authenc.c
186-linux-2.6.28/crypto/ccm.c
187-linux-2.6.28/Documentation/acpi/initramfs-add-dsdt.sh
188-linux-2.6.28/drivers/acpi/asus_acpi.c
189-linux-2.6.28/drivers/acpi/battery.c
190-linux-2.6.28/drivers/acpi/dock.c
191-linux-2.6.28/drivers/acpi/ec.c
192-linux-2.6.28/drivers/acpi/namespace/nsutils.c
193-linux-2.6.28/drivers/acpi/osl.c
194-linux-2.6.28/drivers/acpi/pci_link.c
195-linux-2.6.28/drivers/acpi/power.c
196-linux-2.6.28/drivers/acpi/processor_idle.c
197-linux-2.6.28/drivers/acpi/sleep/main.c
198-linux-2.6.28/drivers/acpi/tables.c
199-linux-2.6.28/drivers/acpi/tables/tbutils.c
200-linux-2.6.28/drivers/acpi/toshiba_acpi.c
201-linux-2.6.28/drivers/acpi/video.c
202-linux-2.6.28/drivers/ata/ata_piix.c
203-linux-2.6.28/drivers/ata/libata-core.c
204-linux-2.6.28/drivers/ata/libata-eh.c
205-linux-2.6.28/drivers/ata/libata-sff.c
206-linux-2.6.28/drivers/ata/pata_fsl.c
207-linux-2.6.28/drivers/ata/pata_via.c
208-linux-2.6.28/drivers/ata/sata_mv.c
209-linux-2.6.28/drivers/ata/sata_nv.c
210-linux-2.6.28/drivers/ata/sata_via.c
211-linux-2.6.28/drivers/atm/fore200e.c
212-linux-2.6.28/drivers/block/aoe/aoe.h
213-linux-2.6.28/drivers/block/aoe/aoenet.c
214-linux-2.6.28/drivers/block/floppy.c
215-linux-2.6.28/drivers/block/nbd.c
216-linux-2.6.28/drivers/block/paride/pcd.c
217-linux-2.6.28/drivers/block/paride/pf.c
218-linux-2.6.28/drivers/block/paride/pg.c
219-linux-2.6.28/drivers/block/paride/pt.c
220-linux-2.6.28/drivers/block/xen-blkfront.c
221-linux-2.6.28/drivers/bluetooth/bluecard_cs.c
222-linux-2.6.28/drivers/bluetooth/bt3c_cs.c
223-linux-2.6.28/drivers/bluetooth/btsdio.c
224-linux-2.6.28/drivers/bluetooth/btuart_cs.c
225-linux-2.6.28/drivers/bluetooth/btusb.c
226-linux-2.6.28/drivers/bluetooth/dtl1_cs.c
227-linux-2.6.28/drivers/bluetooth/hci_usb.c
228-linux-2.6.28/drivers/char/agp/intel-agp.c
229-linux-2.6.28/drivers/char/applicom.c
230-linux-2.6.28/drivers/char/cyclades.c
231-linux-2.6.28/drivers/char/hw_random/core.c
232-linux-2.6.28/drivers/char/keyboard.c
233-linux-2.6.28/drivers/char/mwave/mwavedd.c
234-linux-2.6.28/drivers/char/riscom8.c
235-linux-2.6.28/drivers/char/selection.c
236-linux-2.6.28/drivers/char/specialix.c
237-linux-2.6.28/drivers/char/toshiba.c
238-linux-2.6.28/drivers/char/vt_ioctl.c
239-linux-2.6.28/drivers/connector/connector.c
240-linux-2.6.28/drivers/cpuidle/governors/menu.c
241-linux-2.6.28/drivers/dma/ioat_dma.c
242-linux-2.6.28/drivers/firewire/fw-ohci.c
243-linux-2.6.28/drivers/firewire/fw-sbp2.c
244-linux-2.6.28/drivers/firmware/dell_rbu.c
245-linux-2.6.28/drivers/firmware/dmi_scan.c
246-linux-2.6.28/drivers/gpio/gpiolib.c
247-linux-2.6.28/drivers/gpu/drm/drm_agpsupport.c
248-linux-2.6.28/drivers/gpu/drm/drm_irq.c
249-linux-2.6.28/drivers/gpu/drm/i915/i915_dma.c
250-linux-2.6.28/drivers/gpu/drm/i915/i915_drv.c
251-linux-2.6.28/drivers/gpu/drm/i915/i915_drv.h
252-linux-2.6.28/drivers/gpu/drm/i915/i915_gem.c
253-linux-2.6.28/drivers/gpu/drm/i915/i915_irq.c
254-linux-2.6.28/drivers/gpu/drm/i915/i915_reg.h
255-linux-2.6.28/drivers/gpu/drm/radeon/r600_cp.c
256-linux-2.6.28/drivers/gpu/drm/radeon/r600_microcode.h
../../linux/linux-2.6.28/drivers/gpu/drm/radeon/r600_microcode.h
257-linux-2.6.28/drivers/gpu/drm/radeon/radeon_cp.c
258-linux-2.6.28/drivers/gpu/drm/radeon/radeon_drv.h
259-linux-2.6.28/drivers/gpu/drm/radeon/radeon_irq.c
260-linux-2.6.28/drivers/gpu/drm/radeon/radeon_state.c
261-linux-2.6.28/drivers/hid/hid-core.c
262-linux-2.6.28/drivers/hid/hid-microsoft.c
263-linux-2.6.28/drivers/hid/hid-sony.c
264-linux-2.6.28/drivers/hwmon/abituguru3.c
265-linux-2.6.28/drivers/hwmon/f71882fg.c
266-linux-2.6.28/drivers/hwmon/hdaps.c
267-linux-2.6.28/drivers/hwmon/isl29003.c
268-linux-2.6.28/drivers/hwmon/it87.c
269-linux-2.6.28/drivers/i2c/busses/i2c-acorn.c
270-linux-2.6.28/drivers/i2c/busses/i2c-amd8111.c
271-linux-2.6.28/drivers/i2c/busses/i2c-piix4.c
272-linux-2.6.28/drivers/i2c/busses/i2c-pxa.c
273-linux-2.6.28/drivers/i2c/busses/mxc_i2c.c
../../linux/linux-2.6.28/drivers/i2c/busses/mxc_i2c.c
274-linux-2.6.28/drivers/i2c/busses/mxc_i2c_hs.c
../../linux/linux-2.6.28/drivers/i2c/busses/mxc_i2c_hs.c
275-linux-2.6.28/drivers/i2c/busses/mxc_i2c_hs_reg.h
276-linux-2.6.28/drivers/i2c/busses/mxc_i2c_reg.h
277-linux-2.6.28/drivers/i2c/i2c-core.c
278-linux-2.6.28/drivers/i2c/i2c-dev.c
279-linux-2.6.28/drivers/ide/ide-cd.c
280-linux-2.6.28/drivers/ide/ide-io.c
281-linux-2.6.28/drivers/ide/ide-iops.c
282-linux-2.6.28/drivers/ide/it821x.c
283-linux-2.6.28/drivers/ide/tx4938ide.c
284-linux-2.6.28/drivers/ide/tx4939ide.c
285-linux-2.6.28/drivers/ieee1394/ohci1394.h
286-linux-2.6.28/drivers/ieee1394/sbp2.c
287-linux-2.6.28/drivers/infiniband/hw/nes/nes_cm.c
288-linux-2.6.28/drivers/infiniband/hw/nes/nes_verbs.c
289-linux-2.6.28/drivers/infiniband/hw/nes/nes_verbs.h
290-linux-2.6.28/drivers/input/keyboard/atkbd.c
291-linux-2.6.28/drivers/input/keyboard/mxc_keyb.c
292-linux-2.6.28/drivers/input/keyboard/mxc_keyb.h
293-linux-2.6.28/drivers/input/misc/wistron_btns.c
294-linux-2.6.28/drivers/input/mouse/alps.c
295-linux-2.6.28/drivers/input/mousedev.c
296-linux-2.6.28/drivers/input/mouse/elantech.c
297-linux-2.6.28/drivers/input/mouse/synaptics.c
298-linux-2.6.28/drivers/input/touchscreen/mxc_ts.c
299-linux-2.6.28/drivers/leds/leds-mc13892.c
300-linux-2.6.28/drivers/md/bitmap.c
301-linux-2.6.28/drivers/md/dm.c
302-linux-2.6.28/drivers/md/dm-crypt.c
303-linux-2.6.28/drivers/md/dm-io.c
304-linux-2.6.28/drivers/md/dm-ioctl.c
305-linux-2.6.28/drivers/md/dm-log.c
306-linux-2.6.28/drivers/md/dm-raid1.c
307-linux-2.6.28/drivers/md/linear.c
308-linux-2.6.28/drivers/md/md.c
309-linux-2.6.28/drivers/md/raid10.c
310-linux-2.6.28/drivers/md/raid1.c
311-linux-2.6.28/drivers/media/common/tuners/tda8290.c
312-linux-2.6.28/drivers/media/dvb/frontends/s5h1409.c
313-linux-2.6.28/drivers/media/video/cx23885/cx23885-417.c
314-linux-2.6.28/drivers/media/video/cx23885/cx23885-video.c
315-linux-2.6.28/drivers/media/video/cx88/cx88-cards.c
316-linux-2.6.28/drivers/media/video/cx88/cx88-dvb.c
317-linux-2.6.28/drivers/media/video/cx88/cx88.h
318-linux-2.6.28/drivers/media/video/cx88/cx88-input.c
319-linux-2.6.28/drivers/media/video/cx88/cx88-mpeg.c
320-linux-2.6.28/drivers/media/video/gspca/zc3xx.c
321-linux-2.6.28/drivers/media/video/ivtv/ivtv-ioctl.c
322-linux-2.6.28/drivers/media/video/mxc/capture/ipu_prp_enc.c
323-linux-2.6.28/drivers/media/video/mxc/capture/ipu_prp_sw.h
324-linux-2.6.28/drivers/media/video/mxc/capture/ipu_prp_vf_sdc_bg.c
325-linux-2.6.28/drivers/media/video/mxc/capture/ipu_prp_vf_sdc.c
326-linux-2.6.28/drivers/media/video/mxc/capture/ipu_still.c
327-linux-2.6.28/drivers/media/video/mxc/capture/mxc_v4l2_capture.c
328-linux-2.6.28/drivers/media/video/mxc/capture/mxc_v4l2_capture.h
329-linux-2.6.28/drivers/media/video/mxc/capture/ov3640.c
../../linux/linux-2.6.28/drivers/media/video/mxc/capture/ov3640.c
330-linux-2.6.28/drivers/media/video/mxc/capture/sensor_clock.c
331-linux-2.6.28/drivers/media/video/mxc/output/mxc_v4l2_output.c
332-linux-2.6.28/drivers/media/video/mxc/output/mxc_v4l2_output.h
333-linux-2.6.28/drivers/media/video/saa7127.c
334-linux-2.6.28/drivers/media/video/uvc/uvc_driver.c
335-linux-2.6.28/drivers/media/video/uvc/uvc_v4l2.c
336-linux-2.6.28/drivers/media/video/uvc/uvc_video.c
337-linux-2.6.28/drivers/media/video/v4l2-dev.c
338-linux-2.6.28/drivers/media/video/videobuf-dma-sg.c
339-linux-2.6.28/drivers/media/video/zc0301/zc0301_sensor.h
340-linux-2.6.28/drivers/message/fusion/mptbase.c
341-linux-2.6.28/drivers/misc/acer-wmi.c
342-linux-2.6.28/drivers/misc/eeepc-laptop.c
343-linux-2.6.28/drivers/misc/hpilo.c
344-linux-2.6.28/drivers/misc/hpilo.h
345-linux-2.6.28/drivers/misc/panasonic-laptop.c
346-linux-2.6.28/drivers/misc/sgi-xp/xpc.h
347-linux-2.6.28/drivers/misc/sgi-xp/xpc_sn2.c
348-linux-2.6.28/drivers/misc/sgi-xp/xpc_uv.c
349-linux-2.6.28/drivers/misc/sony-laptop.c
350-linux-2.6.28/drivers/misc/thinkpad_acpi.c
351-linux-2.6.28/drivers/mmc/card/block.c
352-linux-2.6.28/drivers/mmc/card/mmc_test.c
353-linux-2.6.28/drivers/mmc/card/unifi_fs/fs_lx.c
354-linux-2.6.28/drivers/mmc/card/unifi_fs/fs_sdio_api.h
355-linux-2.6.28/drivers/mmc/core/bus.c
356-linux-2.6.28/drivers/mmc/core/core.c
357-linux-2.6.28/drivers/mmc/core/mmc.c
358-linux-2.6.28/drivers/mmc/core/mmc_ops.c
359-linux-2.6.28/drivers/mmc/host/mx_sdhci.c
360-linux-2.6.28/drivers/mmc/host/mx_sdhci.h
361-linux-2.6.28/drivers/mmc/host/ricoh_mmc.c
362-linux-2.6.28/drivers/mmc/host/s3cmci.c
363-linux-2.6.28/drivers/mmc/host/sdhci.c
364-linux-2.6.28/drivers/mmc/host/sdhci.h
365-linux-2.6.28/drivers/mmc/host/sdhci-pci.c
366-linux-2.6.28/drivers/mtd/devices/mtd_dataflash.c
367-linux-2.6.28/drivers/mtd/ftl.c
368-linux-2.6.28/drivers/mtd/mtdchar.c
369-linux-2.6.28/drivers/mtd/nand/mxc_nd2.c
370-linux-2.6.28/drivers/mtd/nand/mxc_nd2.h
371-linux-2.6.28/drivers/mtd/nftlcore.c
372-linux-2.6.28/drivers/mxc/bt/mxc_bt.c
373-linux-2.6.28/drivers/mxc/ipu3/ipu_capture.c
374-linux-2.6.28/drivers/mxc/ipu3/ipu_common.c
375-linux-2.6.28/drivers/mxc/ipu3/ipu_device.c
376-linux-2.6.28/drivers/mxc/ipu3/ipu_disp.c
377-linux-2.6.28/drivers/mxc/ipu3/ipu_ic.c
378-linux-2.6.28/drivers/mxc/ipu3/ipu_param_mem.h
379-linux-2.6.28/drivers/mxc/ipu3/ipu_prv.h
380-linux-2.6.28/drivers/mxc/ipu3/ipu_regs.h
381-linux-2.6.28/drivers/mxc/pmic/core/mc13892.c
382-linux-2.6.28/drivers/mxc/pmic/core/pmic_common.c
383-linux-2.6.28/drivers/mxc/pmic/core/pmic_core_i2c.c
384-linux-2.6.28/drivers/mxc/pmic/core/pmic_core_spi.c
385-linux-2.6.28/drivers/mxc/pmic/core/pmic_event.c
386-linux-2.6.28/drivers/mxc/pmic/core/pmic_external.c
387-linux-2.6.28/drivers/mxc/pmic/core/pmic.h
388-linux-2.6.28/drivers/mxc/pmic/mc13892/pmic_adc.c
389-linux-2.6.28/drivers/mxc/pmic/mc13892/pmic_light.c
390-linux-2.6.28/drivers/mxc/security/sahara2/fsl_shw_auth.c
391-linux-2.6.28/drivers/mxc/security/sahara2/fsl_shw_hash.c
392-linux-2.6.28/drivers/mxc/security/sahara2/fsl_shw_hmac.c
393-linux-2.6.28/drivers/mxc/security/sahara2/fsl_shw_keystore.c
394-linux-2.6.28/drivers/mxc/security/sahara2/fsl_shw_rand.c
395-linux-2.6.28/drivers/mxc/security/sahara2/fsl_shw_sym.c
396-linux-2.6.28/drivers/mxc/security/sahara2/fsl_shw_user.c
397-linux-2.6.28/drivers/mxc/security/sahara2/fsl_shw_wrap.c
398-linux-2.6.28/drivers/mxc/security/sahara2/include/adaptor.h
399-linux-2.6.28/drivers/mxc/security/sahara2/include/diagnostic.h
400-linux-2.6.28/drivers/mxc/security/sahara2/include/fsl_platform.h
401-linux-2.6.28/drivers/mxc/security/sahara2/include/fsl_shw.h
402-linux-2.6.28/drivers/mxc/security/sahara2/include/fsl_shw_keystore.h
403-linux-2.6.28/drivers/mxc/security/sahara2/include/linux_port.h
404-linux-2.6.28/drivers/mxc/security/sahara2/include/portable_os.h
405-linux-2.6.28/drivers/mxc/security/sahara2/include/sahara.h
406-linux-2.6.28/drivers/mxc/security/sahara2/include/sah_driver_common.h
407-linux-2.6.28/drivers/mxc/security/sahara2/include/sah_hardware_interface.h
408-linux-2.6.28/drivers/mxc/security/sahara2/include/sah_interrupt_handler.h
409-linux-2.6.28/drivers/mxc/security/sahara2/include/sah_kernel.h
410-linux-2.6.28/drivers/mxc/security/sahara2/include/sah_memory_mapper.h
411-linux-2.6.28/drivers/mxc/security/sahara2/include/sah_queue_manager.h
412-linux-2.6.28/drivers/mxc/security/sahara2/include/sah_status_manager.h
413-linux-2.6.28/drivers/mxc/security/sahara2/include/sf_util.h
414-linux-2.6.28/drivers/mxc/security/sahara2/km_adaptor.c
415-linux-2.6.28/drivers/mxc/security/sahara2/sah_driver_interface.c
416-linux-2.6.28/drivers/mxc/security/sahara2/sah_hardware_interface.c
417-linux-2.6.28/drivers/mxc/security/sahara2/sah_interrupt_handler.c
418-linux-2.6.28/drivers/mxc/security/sahara2/sah_memory_mapper.c
419-linux-2.6.28/drivers/mxc/security/sahara2/sah_queue.c
420-linux-2.6.28/drivers/mxc/security/sahara2/sah_queue_manager.c
421-linux-2.6.28/drivers/mxc/security/sahara2/sah_status_manager.c
422-linux-2.6.28/drivers/mxc/security/sahara2/sf_util.c
423-linux-2.6.28/drivers/mxc/security/scc2_driver.c
424-linux-2.6.28/drivers/mxc/security/scc2_internals.h
425-linux-2.6.28/drivers/mxc/vpu/mxc_vl2cc.c
426-linux-2.6.28/drivers/mxc/vpu/mxc_vpu.c
427-linux-2.6.28/drivers/net/3c505.c
428-linux-2.6.28/drivers/net/bnx2x_main.c
429-linux-2.6.28/drivers/net/e1000/e1000_main.c
430-linux-2.6.28/drivers/net/e1000e/hw.h
431-linux-2.6.28/drivers/net/e1000e/netdev.c
432-linux-2.6.28/drivers/net/fec.c
433-linux-2.6.28/drivers/net/fec.h
434-linux-2.6.28/drivers/net/forcedeth.c
435-linux-2.6.28/drivers/net/irda/irda-usb.c
436-linux-2.6.28/drivers/net/netxen/netxen_nic_ctx.c
437-linux-2.6.28/drivers/net/netxen/netxen_nic_ethtool.c
438-linux-2.6.28/drivers/net/netxen/netxen_nic.h
439-linux-2.6.28/drivers/net/netxen/netxen_nic_hw.c
440-linux-2.6.28/drivers/net/netxen/netxen_nic_init.c
441-linux-2.6.28/drivers/net/netxen/netxen_nic_main.c
442-linux-2.6.28/drivers/net/r6040.c
443-linux-2.6.28/drivers/net/r8169.c
444-linux-2.6.28/drivers/net/skfp/skfddi.c
445-linux-2.6.28/drivers/net/sky2.c
446-linux-2.6.28/drivers/net/smsc911x.c
447-linux-2.6.28/drivers/net/smsc911x.h
448-linux-2.6.28/drivers/net/sungem.c
449-linux-2.6.28/drivers/net/tulip/tulip_core.c
450-linux-2.6.28/drivers/net/tulip/tulip.h
451-linux-2.6.28/drivers/net/tun.c
452-linux-2.6.28/drivers/net/usb/asix.c
453-linux-2.6.28/drivers/net/usb/cdc_ether.c
454-linux-2.6.28/drivers/net/usb/zaurus.c
455-linux-2.6.28/drivers/net/virtio_net.c
456-linux-2.6.28/drivers/net/wireless/ath5k/base.c
457-linux-2.6.28/drivers/net/wireless/ath5k/phy.c
458-linux-2.6.28/drivers/net/wireless/ath5k/reset.c
459-linux-2.6.28/drivers/net/wireless/ath9k/hw.c
460-linux-2.6.28/drivers/net/wireless/ath9k/recv.c
461-linux-2.6.28/drivers/net/wireless/hostap/hostap_hw.c
462-linux-2.6.28/drivers/net/wireless/hostap/hostap_info.c
463-linux-2.6.28/drivers/net/wireless/hostap/hostap_main.c
464-linux-2.6.28/drivers/net/wireless/ipw2100.c
465-linux-2.6.28/drivers/net/wireless/ipw2100.h
466-linux-2.6.28/drivers/net/wireless/ipw2200.c
467-linux-2.6.28/drivers/net/wireless/ipw2200.h
468-linux-2.6.28/drivers/net/wireless/iwlwifi/iwl3945-base.c
469-linux-2.6.28/drivers/net/wireless/iwlwifi/iwl-3945.h
470-linux-2.6.28/drivers/net/wireless/iwlwifi/iwl-3945-io.h
471-linux-2.6.28/drivers/net/wireless/iwlwifi/iwl-3945-rs.c
472-linux-2.6.28/drivers/net/wireless/iwlwifi/iwl-agn.c
473-linux-2.6.28/drivers/net/wireless/iwlwifi/iwl-agn-rs.c
474-linux-2.6.28/drivers/net/wireless/iwlwifi/iwl-core.c
475-linux-2.6.28/drivers/net/wireless/iwlwifi/iwl-io.h
476-linux-2.6.28/drivers/net/wireless/iwlwifi/iwl-rx.c
477-linux-2.6.28/drivers/net/wireless/iwlwifi/iwl-tx.c
478-linux-2.6.28/drivers/net/wireless/orinoco.c
479-linux-2.6.28/drivers/net/wireless/orinoco_cs.c
480-linux-2.6.28/drivers/net/wireless/p54/p54common.c
481-linux-2.6.28/drivers/net/wireless/p54/p54usb.c
482-linux-2.6.28/drivers/net/wireless/p54/p54usb.h
483-linux-2.6.28/drivers/net/wireless/rt2x00/rt73usb.c
484-linux-2.6.28/drivers/net/wireless/rtl8187_dev.c
485-linux-2.6.28/drivers/net/wireless/rtl8187_rtl8225.c
486-linux-2.6.28/drivers/net/wireless/zd1211rw/zd_rf.c
487-linux-2.6.28/drivers/net/wireless/zd1211rw/zd_usb.c
488-linux-2.6.28/drivers/parisc/sba_iommu.c
489-linux-2.6.28/drivers/parport/parport_serial.c
490-linux-2.6.28/drivers/pci/hotplug/pciehp_core.c
491-linux-2.6.28/drivers/pci/intel-iommu.c
492-linux-2.6.28/drivers/pci/msi.c
493-linux-2.6.28/drivers/pci/pcie/aer/aerdrv_core.c
494-linux-2.6.28/drivers/pci/pcie/aspm.c
495-linux-2.6.28/drivers/pci/pcie/portdrv_pci.c
496-linux-2.6.28/drivers/pci/pci-sysfs.c
497-linux-2.6.28/drivers/pci/quirks.c
498-linux-2.6.28/drivers/pci/rom.c
499-linux-2.6.28/drivers/pci/setup-res.c
500-linux-2.6.28/drivers/pci/syscall.c
501-linux-2.6.28/drivers/regulator/reg-mc13892.c
502-linux-2.6.28/drivers/rtc/rtc-mc13892.c
503-linux-2.6.28/drivers/rtc/rtc-mxc_v2.c
504-linux-2.6.28/drivers/sbus/char/openprom.c
505-linux-2.6.28/drivers/scsi/eata.c
506-linux-2.6.28/drivers/scsi/hptiop.c
507-linux-2.6.28/drivers/scsi/ibmvscsi/ibmvfc.c
508-linux-2.6.28/drivers/scsi/ibmvscsi/ibmvfc.h
509-linux-2.6.28/drivers/scsi/libiscsi.c
510-linux-2.6.28/drivers/scsi/mvsas.c
511-linux-2.6.28/drivers/scsi/pcmcia/aha152x_stub.c
512-linux-2.6.28/drivers/scsi/scsi_transport_fc.c
513-linux-2.6.28/drivers/scsi/scsi_transport_iscsi.c
514-linux-2.6.28/drivers/scsi/sd.c
515-linux-2.6.28/drivers/serial/8250.c
516-linux-2.6.28/drivers/serial/8250_pci.c
517-linux-2.6.28/drivers/serial/jsm/jsm_driver.c
518-linux-2.6.28/drivers/serial/jsm/jsm_tty.c
519-linux-2.6.28/drivers/serial/mxc_uart.c
520-linux-2.6.28/drivers/serial/mxc_uart_early.c
521-linux-2.6.28/drivers/serial/mxc_uart_reg.h
522-linux-2.6.28/drivers/spi/mxc_spi.c
523-linux-2.6.28/drivers/staging/agnx/agnx.h
524-linux-2.6.28/drivers/staging/agnx/debug.h
525-linux-2.6.28/drivers/staging/agnx/pci.c
526-linux-2.6.28/drivers/staging/agnx/phy.c
527-linux-2.6.28/drivers/staging/agnx/phy.h
528-linux-2.6.28/drivers/staging/agnx/rf.c
529-linux-2.6.28/drivers/staging/agnx/sta.c
530-linux-2.6.28/drivers/staging/agnx/sta.h
531-linux-2.6.28/drivers/staging/agnx/table.c
532-linux-2.6.28/drivers/staging/agnx/table.h
533-linux-2.6.28/drivers/staging/agnx/xmit.c
534-linux-2.6.28/drivers/staging/agnx/xmit.h
535-linux-2.6.28/drivers/staging/altpciechdma/altpciechdma.c
536-linux-2.6.28/drivers/staging/android/binder.c
537-linux-2.6.28/drivers/staging/android/binder.h
538-linux-2.6.28/drivers/staging/android/logger.c
539-linux-2.6.28/drivers/staging/android/logger.h
540-linux-2.6.28/drivers/staging/android/lowmemorykiller.c
541-linux-2.6.28/drivers/staging/android/ram_console.c
542-linux-2.6.28/drivers/staging/android/timed_gpio.c
543-linux-2.6.28/drivers/staging/android/timed_gpio.h
544-linux-2.6.28/drivers/staging/asus_oled/asus_oled.c
545-linux-2.6.28/drivers/staging/at76_usb/at76_usb.c
546-linux-2.6.28/drivers/staging/benet/asyncmesg.h
547-linux-2.6.28/drivers/staging/benet/be_cm.h
548-linux-2.6.28/drivers/staging/benet/be_common.h
549-linux-2.6.28/drivers/staging/benet/be_ethtool.c
550-linux-2.6.28/drivers/staging/benet/be_init.c
551-linux-2.6.28/drivers/staging/benet/be_int.c
552-linux-2.6.28/drivers/staging/benet/benet.h
553-linux-2.6.28/drivers/staging/benet/be_netif.c
554-linux-2.6.28/drivers/staging/benet/bestatus.h
555-linux-2.6.28/drivers/staging/benet/cev.h
556-linux-2.6.28/drivers/staging/benet/cq.c
557-linux-2.6.28/drivers/staging/benet/descriptors.h
558-linux-2.6.28/drivers/staging/benet/doorbells.h
559-linux-2.6.28/drivers/staging/benet/ep.h
560-linux-2.6.28/drivers/staging/benet/eq.c
561-linux-2.6.28/drivers/staging/benet/eth.c
562-linux-2.6.28/drivers/staging/benet/etx_context.h
563-linux-2.6.28/drivers/staging/benet/funcobj.c
564-linux-2.6.28/drivers/staging/benet/fwcmd_common_bmap.h
565-linux-2.6.28/drivers/staging/benet/fwcmd_common.h
566-linux-2.6.28/drivers/staging/benet/fwcmd_eth_bmap.h
567-linux-2.6.28/drivers/staging/benet/fwcmd_hdr_bmap.h
568-linux-2.6.28/drivers/staging/benet/fwcmd_mcc.h
569-linux-2.6.28/drivers/staging/benet/fwcmd_opcodes.h
570-linux-2.6.28/drivers/staging/benet/fwcmd_types_bmap.h
571-linux-2.6.28/drivers/staging/benet/host_struct.h
572-linux-2.6.28/drivers/staging/benet/hwlib.h
573-linux-2.6.28/drivers/staging/benet/mpu.c
574-linux-2.6.28/drivers/staging/benet/mpu_context.h
575-linux-2.6.28/drivers/staging/benet/mpu.h
576-linux-2.6.28/drivers/staging/benet/pcicfg.h
577-linux-2.6.28/drivers/staging/benet/post_codes.h
578-linux-2.6.28/drivers/staging/benet/regmap.h
579-linux-2.6.28/drivers/staging/comedi/comedi_compat32.c
580-linux-2.6.28/drivers/staging/comedi/comedi_compat32.h
581-linux-2.6.28/drivers/staging/comedi/comedidev.h
582-linux-2.6.28/drivers/staging/comedi/comedi_fops.c
583-linux-2.6.28/drivers/staging/comedi/comedi_fops.h
584-linux-2.6.28/drivers/staging/comedi/comedi.h
585-linux-2.6.28/drivers/staging/comedi/comedi_ksyms.c
586-linux-2.6.28/drivers/staging/comedi/comedilib.h
587-linux-2.6.28/drivers/staging/comedi/comedi_rt.h
588-linux-2.6.28/drivers/staging/comedi/drivers.c
589-linux-2.6.28/drivers/staging/comedi/drivers/comedi_bond.c
590-linux-2.6.28/drivers/staging/comedi/drivers/comedi_fc.c
591-linux-2.6.28/drivers/staging/comedi/drivers/comedi_fc.h
592-linux-2.6.28/drivers/staging/comedi/drivers/comedi_parport.c
593-linux-2.6.28/drivers/staging/comedi/drivers/comedi_pci.h
594-linux-2.6.28/drivers/staging/comedi/drivers/comedi_test.c
595-linux-2.6.28/drivers/staging/comedi/drivers/dt9812.c
596-linux-2.6.28/drivers/staging/comedi/drivers/icp_multi.c
597-linux-2.6.28/drivers/staging/comedi/drivers/icp_multi.h
598-linux-2.6.28/drivers/staging/comedi/drivers/me4000.c
599-linux-2.6.28/drivers/staging/comedi/drivers/me4000.h
600-linux-2.6.28/drivers/staging/comedi/drivers/me_daq.c
601-linux-2.6.28/drivers/staging/comedi/drivers/mite.c
602-linux-2.6.28/drivers/staging/comedi/drivers/mite.h
603-linux-2.6.28/drivers/staging/comedi/drivers/plx9080.h
604-linux-2.6.28/drivers/staging/comedi/drivers/rtd520.c
605-linux-2.6.28/drivers/staging/comedi/drivers/rtd520.h
606-linux-2.6.28/drivers/staging/comedi/drivers/s626.c
607-linux-2.6.28/drivers/staging/comedi/drivers/s626.h
608-linux-2.6.28/drivers/staging/comedi/drivers/usbdux.c
609-linux-2.6.28/drivers/staging/comedi/drivers/usbduxfast.c
610-linux-2.6.28/drivers/staging/comedi/interrupt.h
611-linux-2.6.28/drivers/staging/comedi/kcomedilib/data.c
612-linux-2.6.28/drivers/staging/comedi/kcomedilib/dio.c
613-linux-2.6.28/drivers/staging/comedi/kcomedilib/get.c
614-linux-2.6.28/drivers/staging/comedi/kcomedilib/kcomedilib_main.c
615-linux-2.6.28/drivers/staging/comedi/kcomedilib/ksyms.c
616-linux-2.6.28/drivers/staging/comedi/pci_ids.h
617-linux-2.6.28/drivers/staging/comedi/proc.c
618-linux-2.6.28/drivers/staging/comedi/range.c
619-linux-2.6.28/drivers/staging/comedi/rt.c
620-linux-2.6.28/drivers/staging/comedi/rt_pend_tq.c
621-linux-2.6.28/drivers/staging/comedi/rt_pend_tq.h
622-linux-2.6.28/drivers/staging/comedi/wrapper.h
623-linux-2.6.28/drivers/staging/echo/echo.h
624-linux-2.6.28/drivers/staging/echo/fir.h
625-linux-2.6.28/drivers/staging/echo/mmx.h
626-linux-2.6.28/drivers/staging/epl/amix86.c
627-linux-2.6.28/drivers/staging/epl/Benchmark.h
628-linux-2.6.28/drivers/staging/epl/Debug.h
629-linux-2.6.28/drivers/staging/epl/demo_main.c
630-linux-2.6.28/drivers/staging/epl/Edrv8139.c
631-linux-2.6.28/drivers/staging/epl/EdrvFec5282.h
632-linux-2.6.28/drivers/staging/epl/EdrvFec.h
633-linux-2.6.28/drivers/staging/epl/edrv.h
634-linux-2.6.28/drivers/staging/epl/EdrvSim.h
635-linux-2.6.28/drivers/staging/epl/EplAmi.h
636-linux-2.6.28/drivers/staging/epl/EplApiGeneric.c
637-linux-2.6.28/drivers/staging/epl/EplApiLinux.h
638-linux-2.6.28/drivers/staging/epl/EplApiLinuxKernel.c
639-linux-2.6.28/drivers/staging/epl/EplApiProcessImage.c
640-linux-2.6.28/drivers/staging/epl/EplCfg.h
641-linux-2.6.28/drivers/staging/epl/EplDef.h
642-linux-2.6.28/drivers/staging/epl/EplDllCal.h
643-linux-2.6.28/drivers/staging/epl/EplDll.h
644-linux-2.6.28/drivers/staging/epl/EplDllk.c
645-linux-2.6.28/drivers/staging/epl/EplDllkCal.c
646-linux-2.6.28/drivers/staging/epl/EplDlluCal.c
647-linux-2.6.28/drivers/staging/epl/EplErrDef.h
648-linux-2.6.28/drivers/staging/epl/EplErrorHandlerk.c
649-linux-2.6.28/drivers/staging/epl/EplEvent.h
650-linux-2.6.28/drivers/staging/epl/EplEventk.c
651-linux-2.6.28/drivers/staging/epl/EplEventu.c
652-linux-2.6.28/drivers/staging/epl/EplFrame.h
653-linux-2.6.28/drivers/staging/epl/Epl.h
654-linux-2.6.28/drivers/staging/epl/EplIdentu.c
655-linux-2.6.28/drivers/staging/epl/EplInc.h
656-linux-2.6.28/drivers/staging/epl/EplInstDef.h
657-linux-2.6.28/drivers/staging/epl/EplLed.h
658-linux-2.6.28/drivers/staging/epl/EplNmtCnu.c
659-linux-2.6.28/drivers/staging/epl/EplNmt.h
660-linux-2.6.28/drivers/staging/epl/EplNmtk.c
661-linux-2.6.28/drivers/staging/epl/EplNmtkCal.c
662-linux-2.6.28/drivers/staging/epl/EplNmtMnu.c
663-linux-2.6.28/drivers/staging/epl/EplNmtu.c
664-linux-2.6.28/drivers/staging/epl/EplNmtuCal.c
665-linux-2.6.28/drivers/staging/epl/EplObd.c
666-linux-2.6.28/drivers/staging/epl/EplObd.h
667-linux-2.6.28/drivers/staging/epl/EplObdkCal.c
668-linux-2.6.28/drivers/staging/epl/EplObdMacro.h
669-linux-2.6.28/drivers/staging/epl/EplObdu.c
670-linux-2.6.28/drivers/staging/epl/EplObduCal.c
671-linux-2.6.28/drivers/staging/epl/EplObjDef.h
672-linux-2.6.28/drivers/staging/epl/EplPdo.h
673-linux-2.6.28/drivers/staging/epl/EplPdok.c
674-linux-2.6.28/drivers/staging/epl/EplPdokCal.c
675-linux-2.6.28/drivers/staging/epl/EplPdou.c
676-linux-2.6.28/drivers/staging/epl/EplSdoAc.h
677-linux-2.6.28/drivers/staging/epl/EplSdoAsndu.c
678-linux-2.6.28/drivers/staging/epl/EplSdoAsySequ.c
679-linux-2.6.28/drivers/staging/epl/EplSdoComu.c
680-linux-2.6.28/drivers/staging/epl/EplSdo.h
681-linux-2.6.28/drivers/staging/epl/EplSdoUdpu.c
682-linux-2.6.28/drivers/staging/epl/EplStatusu.c
683-linux-2.6.28/drivers/staging/epl/EplTarget.h
684-linux-2.6.28/drivers/staging/epl/EplTimer.h
685-linux-2.6.28/drivers/staging/epl/EplTimeruLinuxKernel.c
686-linux-2.6.28/drivers/staging/epl/EplTimeruNull.c
687-linux-2.6.28/drivers/staging/epl/EplTimeruWin32.c
688-linux-2.6.28/drivers/staging/epl/EplVersion.h
689-linux-2.6.28/drivers/staging/epl/global.h
690-linux-2.6.28/drivers/staging/epl/kernel/EplDllkCal.h
691-linux-2.6.28/drivers/staging/epl/kernel/EplDllk.h
692-linux-2.6.28/drivers/staging/epl/kernel/EplErrorHandlerk.h
693-linux-2.6.28/drivers/staging/epl/kernel/EplEventk.h
694-linux-2.6.28/drivers/staging/epl/kernel/EplNmtkCal.h
695-linux-2.6.28/drivers/staging/epl/kernel/EplNmtk.h
696-linux-2.6.28/drivers/staging/epl/kernel/EplObdkCal.h
697-linux-2.6.28/drivers/staging/epl/kernel/EplObdk.h
698-linux-2.6.28/drivers/staging/epl/kernel/EplPdokCal.h
699-linux-2.6.28/drivers/staging/epl/kernel/EplPdok.h
700-linux-2.6.28/drivers/staging/epl/kernel/EplTimerHighResk.h
701-linux-2.6.28/drivers/staging/epl/kernel/EplTimerk.h
702-linux-2.6.28/drivers/staging/epl/kernel/VirtualEthernet.h
703-linux-2.6.28/drivers/staging/epl/proc_fs.c
704-linux-2.6.28/drivers/staging/epl/proc_fs.h
705-linux-2.6.28/drivers/staging/epl/SharedBuff.c
706-linux-2.6.28/drivers/staging/epl/SharedBuff.h
707-linux-2.6.28/drivers/staging/epl/ShbIpc.h
708-linux-2.6.28/drivers/staging/epl/ShbIpc-LinuxKernel.c
709-linux-2.6.28/drivers/staging/epl/ShbIpc-Win32.c
710-linux-2.6.28/drivers/staging/epl/ShbLinuxKernel.h
711-linux-2.6.28/drivers/staging/epl/SocketLinuxKernel.c
712-linux-2.6.28/drivers/staging/epl/SocketLinuxKernel.h
713-linux-2.6.28/drivers/staging/epl/TimerHighReskX86.c
714-linux-2.6.28/drivers/staging/epl/user/EplCfgMau.h
715-linux-2.6.28/drivers/staging/epl/user/EplDlluCal.h
716-linux-2.6.28/drivers/staging/epl/user/EplDllu.h
717-linux-2.6.28/drivers/staging/epl/user/EplEventu.h
718-linux-2.6.28/drivers/staging/epl/user/EplIdentu.h
719-linux-2.6.28/drivers/staging/epl/user/EplLedu.h
720-linux-2.6.28/drivers/staging/epl/user/EplNmtCnu.h
721-linux-2.6.28/drivers/staging/epl/user/EplNmtMnu.h
722-linux-2.6.28/drivers/staging/epl/user/EplNmtuCal.h
723-linux-2.6.28/drivers/staging/epl/user/EplNmtu.h
724-linux-2.6.28/drivers/staging/epl/user/EplObduCal.h
725-linux-2.6.28/drivers/staging/epl/user/EplObdu.h
726-linux-2.6.28/drivers/staging/epl/user/EplPdou.h
727-linux-2.6.28/drivers/staging/epl/user/EplSdoAsndu.h
728-linux-2.6.28/drivers/staging/epl/user/EplSdoAsySequ.h
729-linux-2.6.28/drivers/staging/epl/user/EplSdoComu.h
730-linux-2.6.28/drivers/staging/epl/user/EplSdoUdpu.h
731-linux-2.6.28/drivers/staging/epl/user/EplStatusu.h
732-linux-2.6.28/drivers/staging/epl/user/EplTimeru.h
733-linux-2.6.28/drivers/staging/epl/VirtualEthernetLinux.c
734-linux-2.6.28/drivers/staging/et131x/et1310_tx.c
735-linux-2.6.28/drivers/staging/et131x/et131x_debug.h
736-linux-2.6.28/drivers/staging/frontier/alphatrack.c
737-linux-2.6.28/drivers/staging/frontier/alphatrack.h
738-linux-2.6.28/drivers/staging/frontier/frontier_compat.h
739-linux-2.6.28/drivers/staging/frontier/surface_sysfs.h
740-linux-2.6.28/drivers/staging/frontier/tranzport.c
741-linux-2.6.28/drivers/staging/go7007/go7007-driver.c
742-linux-2.6.28/drivers/staging/go7007/go7007-fw.c
743-linux-2.6.28/drivers/staging/go7007/go7007-priv.h
744-linux-2.6.28/drivers/staging/go7007/go7007-usb.c
745-linux-2.6.28/drivers/staging/go7007/go7007-v4l2.c
746-linux-2.6.28/drivers/staging/go7007/s2250-board.c
747-linux-2.6.28/drivers/staging/go7007/s2250-loader.c
../../linux/linux-2.6.28/drivers/staging/go7007/s2250-loader.c
748-linux-2.6.28/drivers/staging/go7007/saa7134-go7007.c
749-linux-2.6.28/drivers/staging/go7007/wis-i2c.h
750-linux-2.6.28/drivers/staging/go7007/wis-sony-tuner.c
751-linux-2.6.28/drivers/staging/me4000/me4000.c
752-linux-2.6.28/drivers/staging/meilhaus/me0600_device.c
753-linux-2.6.28/drivers/staging/meilhaus/me0600_device.h
754-linux-2.6.28/drivers/staging/meilhaus/me0600_dio.c
755-linux-2.6.28/drivers/staging/meilhaus/me0600_dio.h
756-linux-2.6.28/drivers/staging/meilhaus/me0600_dio_reg.h
757-linux-2.6.28/drivers/staging/meilhaus/me0600_ext_irq.c
758-linux-2.6.28/drivers/staging/meilhaus/me0600_ext_irq.h
759-linux-2.6.28/drivers/staging/meilhaus/me0600_ext_irq_reg.h
760-linux-2.6.28/drivers/staging/meilhaus/me0600_optoi.c
761-linux-2.6.28/drivers/staging/meilhaus/me0600_optoi.h
762-linux-2.6.28/drivers/staging/meilhaus/me0600_optoi_reg.h
763-linux-2.6.28/drivers/staging/meilhaus/me0600_relay.c
764-linux-2.6.28/drivers/staging/meilhaus/me0600_relay.h
765-linux-2.6.28/drivers/staging/meilhaus/me0600_relay_reg.h
766-linux-2.6.28/drivers/staging/meilhaus/me0600_ttli.c
767-linux-2.6.28/drivers/staging/meilhaus/me0600_ttli.h
768-linux-2.6.28/drivers/staging/meilhaus/me0600_ttli_reg.h
769-linux-2.6.28/drivers/staging/meilhaus/me0900_device.c
770-linux-2.6.28/drivers/staging/meilhaus/me0900_device.h
771-linux-2.6.28/drivers/staging/meilhaus/me0900_di.c
772-linux-2.6.28/drivers/staging/meilhaus/me0900_di.h
773-linux-2.6.28/drivers/staging/meilhaus/me0900_do.c
774-linux-2.6.28/drivers/staging/meilhaus/me0900_do.h
775-linux-2.6.28/drivers/staging/meilhaus/me0900_reg.h
776-linux-2.6.28/drivers/staging/meilhaus/me1000_device.c
777-linux-2.6.28/drivers/staging/meilhaus/me1000_device.h
778-linux-2.6.28/drivers/staging/meilhaus/me1000_dio.c
779-linux-2.6.28/drivers/staging/meilhaus/me1000_dio.h
780-linux-2.6.28/drivers/staging/meilhaus/me1000_dio_reg.h
781-linux-2.6.28/drivers/staging/meilhaus/me1400_device.c
782-linux-2.6.28/drivers/staging/meilhaus/me1400_device.h
783-linux-2.6.28/drivers/staging/meilhaus/me1400_ext_irq.c
784-linux-2.6.28/drivers/staging/meilhaus/me1400_ext_irq.h
785-linux-2.6.28/drivers/staging/meilhaus/me1400_ext_irq_reg.h
786-linux-2.6.28/drivers/staging/meilhaus/me1600_ao.c
787-linux-2.6.28/drivers/staging/meilhaus/me1600_ao.h
788-linux-2.6.28/drivers/staging/meilhaus/me1600_ao_reg.h
789-linux-2.6.28/drivers/staging/meilhaus/me1600_device.c
790-linux-2.6.28/drivers/staging/meilhaus/me1600_device.h
791-linux-2.6.28/drivers/staging/meilhaus/me4600_ai.c
792-linux-2.6.28/drivers/staging/meilhaus/me4600_ai.h
793-linux-2.6.28/drivers/staging/meilhaus/me4600_ai_reg.h
794-linux-2.6.28/drivers/staging/meilhaus/me4600_ao.c
795-linux-2.6.28/drivers/staging/meilhaus/me4600_ao.h
796-linux-2.6.28/drivers/staging/meilhaus/me4600_ao_reg.h
797-linux-2.6.28/drivers/staging/meilhaus/me4600_device.c
../../linux/linux-2.6.28/drivers/staging/meilhaus/me4600_device.c
798-linux-2.6.28/drivers/staging/meilhaus/me4600_device.h
799-linux-2.6.28/drivers/staging/meilhaus/me4600_di.c
800-linux-2.6.28/drivers/staging/meilhaus/me4600_di.h
801-linux-2.6.28/drivers/staging/meilhaus/me4600_dio.c
802-linux-2.6.28/drivers/staging/meilhaus/me4600_dio.h
803-linux-2.6.28/drivers/staging/meilhaus/me4600_dio_reg.h
804-linux-2.6.28/drivers/staging/meilhaus/me4600_do.c
805-linux-2.6.28/drivers/staging/meilhaus/me4600_do.h
806-linux-2.6.28/drivers/staging/meilhaus/me4600_ext_irq.c
807-linux-2.6.28/drivers/staging/meilhaus/me4600_ext_irq.h
808-linux-2.6.28/drivers/staging/meilhaus/me4600_ext_irq_reg.h
809-linux-2.6.28/drivers/staging/meilhaus/me4600_reg.h
810-linux-2.6.28/drivers/staging/meilhaus/me6000_ao.c
811-linux-2.6.28/drivers/staging/meilhaus/me6000_ao.h
812-linux-2.6.28/drivers/staging/meilhaus/me6000_ao_reg.h
813-linux-2.6.28/drivers/staging/meilhaus/me6000_device.c
../../linux/linux-2.6.28/drivers/staging/meilhaus/me6000_device.c
814-linux-2.6.28/drivers/staging/meilhaus/me6000_device.h
815-linux-2.6.28/drivers/staging/meilhaus/me6000_dio.c
816-linux-2.6.28/drivers/staging/meilhaus/me6000_dio.h
817-linux-2.6.28/drivers/staging/meilhaus/me6000_dio_reg.h
818-linux-2.6.28/drivers/staging/meilhaus/me6000_reg.h
819-linux-2.6.28/drivers/staging/meilhaus/me8100_device.c
820-linux-2.6.28/drivers/staging/meilhaus/me8100_device.h
821-linux-2.6.28/drivers/staging/meilhaus/me8100_di.c
822-linux-2.6.28/drivers/staging/meilhaus/me8100_di.h
823-linux-2.6.28/drivers/staging/meilhaus/me8100_di_reg.h
824-linux-2.6.28/drivers/staging/meilhaus/me8100_do.c
825-linux-2.6.28/drivers/staging/meilhaus/me8100_do.h
826-linux-2.6.28/drivers/staging/meilhaus/me8100_do_reg.h
827-linux-2.6.28/drivers/staging/meilhaus/me8100_reg.h
828-linux-2.6.28/drivers/staging/meilhaus/me8200_device.c
829-linux-2.6.28/drivers/staging/meilhaus/me8200_device.h
830-linux-2.6.28/drivers/staging/meilhaus/me8200_di.c
831-linux-2.6.28/drivers/staging/meilhaus/me8200_di.h
832-linux-2.6.28/drivers/staging/meilhaus/me8200_dio.c
833-linux-2.6.28/drivers/staging/meilhaus/me8200_dio.h
834-linux-2.6.28/drivers/staging/meilhaus/me8200_dio_reg.h
835-linux-2.6.28/drivers/staging/meilhaus/me8200_di_reg.h
836-linux-2.6.28/drivers/staging/meilhaus/me8200_do.c
837-linux-2.6.28/drivers/staging/meilhaus/me8200_do.h
838-linux-2.6.28/drivers/staging/meilhaus/me8200_do_reg.h
839-linux-2.6.28/drivers/staging/meilhaus/me8200_reg.h
840-linux-2.6.28/drivers/staging/meilhaus/me8254.c
841-linux-2.6.28/drivers/staging/meilhaus/me8254.h
842-linux-2.6.28/drivers/staging/meilhaus/me8254_reg.h
843-linux-2.6.28/drivers/staging/meilhaus/me8255.c
844-linux-2.6.28/drivers/staging/meilhaus/me8255.h
845-linux-2.6.28/drivers/staging/meilhaus/me8255_reg.h
846-linux-2.6.28/drivers/staging/meilhaus/mecirc_buf.h
847-linux-2.6.28/drivers/staging/meilhaus/mecommon.h
848-linux-2.6.28/drivers/staging/meilhaus/medebug.h
849-linux-2.6.28/drivers/staging/meilhaus/medefines.h
850-linux-2.6.28/drivers/staging/meilhaus/medevice.c
851-linux-2.6.28/drivers/staging/meilhaus/medevice.h
852-linux-2.6.28/drivers/staging/meilhaus/medlist.c
853-linux-2.6.28/drivers/staging/meilhaus/medlist.h
854-linux-2.6.28/drivers/staging/meilhaus/medlock.c
855-linux-2.6.28/drivers/staging/meilhaus/medlock.h
856-linux-2.6.28/drivers/staging/meilhaus/medriver.h
857-linux-2.6.28/drivers/staging/meilhaus/medummy.c
858-linux-2.6.28/drivers/staging/meilhaus/medummy.h
859-linux-2.6.28/drivers/staging/meilhaus/meerror.h
860-linux-2.6.28/drivers/staging/meilhaus/mefirmware.c
../../linux/linux-2.6.28/drivers/staging/meilhaus/mefirmware.c
861-linux-2.6.28/drivers/staging/meilhaus/mefirmware.h
862-linux-2.6.28/drivers/staging/meilhaus/meids.h
863-linux-2.6.28/drivers/staging/meilhaus/meinternal.h
864-linux-2.6.28/drivers/staging/meilhaus/meioctl.h
865-linux-2.6.28/drivers/staging/meilhaus/memain.c
866-linux-2.6.28/drivers/staging/meilhaus/memain.h
867-linux-2.6.28/drivers/staging/meilhaus/meplx_reg.h
868-linux-2.6.28/drivers/staging/meilhaus/meslist.c
869-linux-2.6.28/drivers/staging/meilhaus/meslist.h
870-linux-2.6.28/drivers/staging/meilhaus/meslock.c
871-linux-2.6.28/drivers/staging/meilhaus/meslock.h
872-linux-2.6.28/drivers/staging/meilhaus/mesubdevice.c
873-linux-2.6.28/drivers/staging/meilhaus/mesubdevice.h
874-linux-2.6.28/drivers/staging/meilhaus/metempl_device.c
875-linux-2.6.28/drivers/staging/meilhaus/metempl_device.h
876-linux-2.6.28/drivers/staging/meilhaus/metempl_sub.c
877-linux-2.6.28/drivers/staging/meilhaus/metempl_sub.h
878-linux-2.6.28/drivers/staging/meilhaus/metempl_sub_reg.h
879-linux-2.6.28/drivers/staging/meilhaus/metypes.h
880-linux-2.6.28/drivers/staging/mimio/mimio.c
881-linux-2.6.28/drivers/staging/otus/80211core/amsdu.c
882-linux-2.6.28/drivers/staging/otus/80211core/cagg.c
883-linux-2.6.28/drivers/staging/otus/80211core/cagg.h
884-linux-2.6.28/drivers/staging/otus/80211core/ccmd.c
885-linux-2.6.28/drivers/staging/otus/80211core/cfunc.c
886-linux-2.6.28/drivers/staging/otus/80211core/cfunc.h
887-linux-2.6.28/drivers/staging/otus/80211core/chb.c
888-linux-2.6.28/drivers/staging/otus/80211core/cic.c
889-linux-2.6.28/drivers/staging/otus/80211core/cinit.c
890-linux-2.6.28/drivers/staging/otus/80211core/cmmap.c
891-linux-2.6.28/drivers/staging/otus/80211core/cmm.c
892-linux-2.6.28/drivers/staging/otus/80211core/cmmsta.c
893-linux-2.6.28/drivers/staging/otus/80211core/coid.c
894-linux-2.6.28/drivers/staging/otus/80211core/cprecomp.h
895-linux-2.6.28/drivers/staging/otus/80211core/cpsmgr.c
896-linux-2.6.28/drivers/staging/otus/80211core/cscanmgr.c
897-linux-2.6.28/drivers/staging/otus/80211core/ctkip.c
898-linux-2.6.28/drivers/staging/otus/80211core/ctxrx.c
899-linux-2.6.28/drivers/staging/otus/80211core/cwep.c
900-linux-2.6.28/drivers/staging/otus/80211core/cwm.c
901-linux-2.6.28/drivers/staging/otus/80211core/cwm.h
902-linux-2.6.28/drivers/staging/otus/80211core/freqctrl.c
903-linux-2.6.28/drivers/staging/otus/80211core/ledmgr.c
904-linux-2.6.28/drivers/staging/otus/80211core/performance.c
905-linux-2.6.28/drivers/staging/otus/80211core/performance.h
906-linux-2.6.28/drivers/staging/otus/80211core/pub_usb.h
907-linux-2.6.28/drivers/staging/otus/80211core/pub_zfi.h
908-linux-2.6.28/drivers/staging/otus/80211core/pub_zfw.h
909-linux-2.6.28/drivers/staging/otus/80211core/queue.c
910-linux-2.6.28/drivers/staging/otus/80211core/queue.h
911-linux-2.6.28/drivers/staging/otus/80211core/ratectrl.c
912-linux-2.6.28/drivers/staging/otus/80211core/ratectrl.h
913-linux-2.6.28/drivers/staging/otus/80211core/struct.h
914-linux-2.6.28/drivers/staging/otus/80211core/wlan.h
915-linux-2.6.28/drivers/staging/otus/apdbg.c
916-linux-2.6.28/drivers/staging/otus/athr_common.h
917-linux-2.6.28/drivers/staging/otus/hal/hpani.c
918-linux-2.6.28/drivers/staging/otus/hal/hpani.h
919-linux-2.6.28/drivers/staging/otus/hal/hpDKfwu.c
../../linux/linux-2.6.28/drivers/staging/otus/hal/hpDKfwu.c
920-linux-2.6.28/drivers/staging/otus/hal/hpfw2.c
../../linux/linux-2.6.28/drivers/staging/otus/hal/hpfw2.c
921-linux-2.6.28/drivers/staging/otus/hal/hpfwbu.c
../../linux/linux-2.6.28/drivers/staging/otus/hal/hpfwbu.c
922-linux-2.6.28/drivers/staging/otus/hal/hpfwspiu.c
../../linux/linux-2.6.28/drivers/staging/otus/hal/hpfwspiu.c
923-linux-2.6.28/drivers/staging/otus/hal/hpfwu_2k.c
../../linux/linux-2.6.28/drivers/staging/otus/hal/hpfwu_2k.c
924-linux-2.6.28/drivers/staging/otus/hal/hpfwu_BA.c
../../linux/linux-2.6.28/drivers/staging/otus/hal/hpfwu_BA.c
925-linux-2.6.28/drivers/staging/otus/hal/hpfwu.c
../../linux/linux-2.6.28/drivers/staging/otus/hal/hpfwu.c
926-linux-2.6.28/drivers/staging/otus/hal/hpfwu.c.drv_ba_resend
../../linux/linux-2.6.28/drivers/staging/otus/hal/hpfwu.c.drv_ba_resend
927-linux-2.6.28/drivers/staging/otus/hal/hpfwu_FB50_mdk.c
../../linux/linux-2.6.28/drivers/staging/otus/hal/hpfwu_FB50_mdk.c
928-linux-2.6.28/drivers/staging/otus/hal/hpfwuinit.c
../../linux/linux-2.6.28/drivers/staging/otus/hal/hpfwuinit.c
929-linux-2.6.28/drivers/staging/otus/hal/hpfwu_OTUS_RC.c
../../linux/linux-2.6.28/drivers/staging/otus/hal/hpfwu_OTUS_RC.c
930-linux-2.6.28/drivers/staging/otus/hal/hpfwu_txstream.c
../../linux/linux-2.6.28/drivers/staging/otus/hal/hpfwu_txstream.c
931-linux-2.6.28/drivers/staging/otus/hal/hpmain.c
../../linux/linux-2.6.28/drivers/staging/otus/hal/hpmain.c
932-linux-2.6.28/drivers/staging/otus/hal/hpreg.c
933-linux-2.6.28/drivers/staging/otus/hal/hpreg.h
934-linux-2.6.28/drivers/staging/otus/hal/hprw.c
935-linux-2.6.28/drivers/staging/otus/hal/hpusb.c
936-linux-2.6.28/drivers/staging/otus/hal/hpusb.h
937-linux-2.6.28/drivers/staging/otus/hal/otus.ini
938-linux-2.6.28/drivers/staging/otus/ioctl.c
939-linux-2.6.28/drivers/staging/otus/oal_dt.h
940-linux-2.6.28/drivers/staging/otus/oal_marc.h
941-linux-2.6.28/drivers/staging/otus/usbdrv.c
942-linux-2.6.28/drivers/staging/otus/usbdrv.h
943-linux-2.6.28/drivers/staging/otus/wrap_buf.c
944-linux-2.6.28/drivers/staging/otus/wrap_dbg.c
945-linux-2.6.28/drivers/staging/otus/wrap_ev.c
946-linux-2.6.28/drivers/staging/otus/wrap_mem.c
947-linux-2.6.28/drivers/staging/otus/wrap_mis.c
948-linux-2.6.28/drivers/staging/otus/wrap_pkt.c
949-linux-2.6.28/drivers/staging/otus/wrap_sec.c
950-linux-2.6.28/drivers/staging/otus/wrap_usb.c
951-linux-2.6.28/drivers/staging/otus/wwrap.c
952-linux-2.6.28/drivers/staging/otus/zdcompat.h
953-linux-2.6.28/drivers/staging/otus/zdusb.c
954-linux-2.6.28/drivers/staging/otus/zdusb.h
955-linux-2.6.28/drivers/staging/panel/panel.c
956-linux-2.6.28/drivers/staging/poch/poch.c
957-linux-2.6.28/drivers/staging/rspiusb/rspiusb.c
958-linux-2.6.28/drivers/staging/rspiusb/rspiusb.h
959-linux-2.6.28/drivers/staging/rt2860/2860_main_dev.c
960-linux-2.6.28/drivers/staging/rt2860/aironet.h
961-linux-2.6.28/drivers/staging/rt2860/ap.h
962-linux-2.6.28/drivers/staging/rt2860/chlist.h
963-linux-2.6.28/drivers/staging/rt2860/common/2860_rtmp_init.c
964-linux-2.6.28/drivers/staging/rt2860/common/action.c
965-linux-2.6.28/drivers/staging/rt2860/common/action.h
966-linux-2.6.28/drivers/staging/rt2860/common/ba_action.c
967-linux-2.6.28/drivers/staging/rt2860/common/cmm_data_2860.c
968-linux-2.6.28/drivers/staging/rt2860/common/cmm_data.c
969-linux-2.6.28/drivers/staging/rt2860/common/cmm_info.c
970-linux-2.6.28/drivers/staging/rt2860/common/cmm_sanity.c
971-linux-2.6.28/drivers/staging/rt2860/common/cmm_sync.c
972-linux-2.6.28/drivers/staging/rt2860/common/cmm_wpa.c
973-linux-2.6.28/drivers/staging/rt2860/common/dfs.c
974-linux-2.6.28/drivers/staging/rt2860/common/eeprom.c
975-linux-2.6.28/drivers/staging/rt2860/common/firmware.h
../../linux/linux-2.6.28/drivers/staging/rt2860/common/firmware.h
976-linux-2.6.28/drivers/staging/rt2860/common/md5.c
977-linux-2.6.28/drivers/staging/rt2860/common/mlme.c
978-linux-2.6.28/drivers/staging/rt2860/common/netif_block.c
979-linux-2.6.28/drivers/staging/rt2860/common/netif_block.h
980-linux-2.6.28/drivers/staging/rt2860/common/rtmp_init.c
../../linux/linux-2.6.28/drivers/staging/rt2860/common/rtmp_init.c
981-linux-2.6.28/drivers/staging/rt2860/common/rtmp_tkip.c
982-linux-2.6.28/drivers/staging/rt2860/common/rtmp_wep.c
983-linux-2.6.28/drivers/staging/rt2860/common/spectrum.c
984-linux-2.6.28/drivers/staging/rt2860/dfs.h
985-linux-2.6.28/drivers/staging/rt2860/leap.h
986-linux-2.6.28/drivers/staging/rt2860/link_list.h
987-linux-2.6.28/drivers/staging/rt2860/md4.h
988-linux-2.6.28/drivers/staging/rt2860/md5.h
989-linux-2.6.28/drivers/staging/rt2860/mlme.h
990-linux-2.6.28/drivers/staging/rt2860/oid.h
991-linux-2.6.28/drivers/staging/rt2860/rt2860.h
992-linux-2.6.28/drivers/staging/rt2860/rt28xx.h
993-linux-2.6.28/drivers/staging/rt2860/rt_ate.c
../../linux/linux-2.6.28/drivers/staging/rt2860/rt_ate.c
994-linux-2.6.28/drivers/staging/rt2860/rt_ate.h
../../linux/linux-2.6.28/drivers/staging/rt2860/rt_ate.h
995-linux-2.6.28/drivers/staging/rt2860/rt_config.h
996-linux-2.6.28/drivers/staging/rt2860/rt_linux.c
997-linux-2.6.28/drivers/staging/rt2860/rt_linux.h
../../linux/linux-2.6.28/drivers/staging/rt2860/rt_linux.h
998-linux-2.6.28/drivers/staging/rt2860/rt_main_dev.c
999-linux-2.6.28/drivers/staging/rt2860/rtmp_ckipmic.h
1000-linux-2.6.28/drivers/staging/rt2860/rtmp_def.h
1001-linux-2.6.28/drivers/staging/rt2860/rtmp.h
1002-linux-2.6.28/drivers/staging/rt2860/rtmp_type.h
1003-linux-2.6.28/drivers/staging/rt2860/rt_profile.c
1004-linux-2.6.28/drivers/staging/rt2860/spectrum_def.h
1005-linux-2.6.28/drivers/staging/rt2860/spectrum.h
1006-linux-2.6.28/drivers/staging/rt2860/sta/aironet.c
1007-linux-2.6.28/drivers/staging/rt2860/sta/assoc.c
1008-linux-2.6.28/drivers/staging/rt2860/sta/auth.c
1009-linux-2.6.28/drivers/staging/rt2860/sta/auth_rsp.c
1010-linux-2.6.28/drivers/staging/rt2860/sta/connect.c
1011-linux-2.6.28/drivers/staging/rt2860/sta/dls.c
1012-linux-2.6.28/drivers/staging/rt2860/sta_ioctl.c
1013-linux-2.6.28/drivers/staging/rt2860/sta/rtmp_data.c
1014-linux-2.6.28/drivers/staging/rt2860/sta/sanity.c
1015-linux-2.6.28/drivers/staging/rt2860/sta/sync.c
1016-linux-2.6.28/drivers/staging/rt2860/sta/wpa.c
1017-linux-2.6.28/drivers/staging/rt2860/wpa.h
1018-linux-2.6.28/drivers/staging/rt2870/2870_main_dev.c
1019-linux-2.6.28/drivers/staging/rt2870/aironet.h
1020-linux-2.6.28/drivers/staging/rt2870/ap.h
1021-linux-2.6.28/drivers/staging/rt2870/chlist.h
1022-linux-2.6.28/drivers/staging/rt2870/common/2870_rtmp_init.c
1023-linux-2.6.28/drivers/staging/rt2870/common/action.c
1024-linux-2.6.28/drivers/staging/rt2870/common/action.h
1025-linux-2.6.28/drivers/staging/rt2870/common/ba_action.c
1026-linux-2.6.28/drivers/staging/rt2870/common/cmm_data_2870.c
1027-linux-2.6.28/drivers/staging/rt2870/common/cmm_data.c
1028-linux-2.6.28/drivers/staging/rt2870/common/cmm_info.c
1029-linux-2.6.28/drivers/staging/rt2870/common/cmm_sanity.c
1030-linux-2.6.28/drivers/staging/rt2870/common/cmm_sync.c
1031-linux-2.6.28/drivers/staging/rt2870/common/cmm_wpa.c
1032-linux-2.6.28/drivers/staging/rt2870/common/dfs.c
1033-linux-2.6.28/drivers/staging/rt2870/common/eeprom.c
1034-linux-2.6.28/drivers/staging/rt2870/common/firmware.h
../../linux/linux-2.6.28/drivers/staging/rt2870/common/firmware.h
1035-linux-2.6.28/drivers/staging/rt2870/common/md5.c
1036-linux-2.6.28/drivers/staging/rt2870/common/mlme.c
1037-linux-2.6.28/drivers/staging/rt2870/common/netif_block.c
1038-linux-2.6.28/drivers/staging/rt2870/common/rtmp_init.c
../../linux/linux-2.6.28/drivers/staging/rt2870/common/rtmp_init.c
1039-linux-2.6.28/drivers/staging/rt2870/common/rtmp_tkip.c
1040-linux-2.6.28/drivers/staging/rt2870/common/rtmp_wep.c
1041-linux-2.6.28/drivers/staging/rt2870/common/rtusb_bulk.c
1042-linux-2.6.28/drivers/staging/rt2870/common/rtusb_data.c
1043-linux-2.6.28/drivers/staging/rt2870/common/rtusb_io.c
1044-linux-2.6.28/drivers/staging/rt2870/common/spectrum.c
1045-linux-2.6.28/drivers/staging/rt2870/dfs.h
1046-linux-2.6.28/drivers/staging/rt2870/leap.h
1047-linux-2.6.28/drivers/staging/rt2870/link_list.h
1048-linux-2.6.28/drivers/staging/rt2870/md4.h
1049-linux-2.6.28/drivers/staging/rt2870/md5.h
1050-linux-2.6.28/drivers/staging/rt2870/mlme.h
1051-linux-2.6.28/drivers/staging/rt2870/netif_block.h
1052-linux-2.6.28/drivers/staging/rt2870/oid.h
1053-linux-2.6.28/drivers/staging/rt2870/rt2870.h
1054-linux-2.6.28/drivers/staging/rt2870/rt28xx.h
1055-linux-2.6.28/drivers/staging/rt2870/rt_ate.c
../../linux/linux-2.6.28/drivers/staging/rt2870/rt_ate.c
1056-linux-2.6.28/drivers/staging/rt2870/rt_ate.h
../../linux/linux-2.6.28/drivers/staging/rt2870/rt_ate.h
1057-linux-2.6.28/drivers/staging/rt2870/rt_config.h
1058-linux-2.6.28/drivers/staging/rt2870/rt_linux.c
1059-linux-2.6.28/drivers/staging/rt2870/rt_linux.h
../../linux/linux-2.6.28/drivers/staging/rt2870/rt_linux.h
1060-linux-2.6.28/drivers/staging/rt2870/rt_main_dev.c
1061-linux-2.6.28/drivers/staging/rt2870/rtmp_ckipmic.h
1062-linux-2.6.28/drivers/staging/rt2870/rtmp_def.h
1063-linux-2.6.28/drivers/staging/rt2870/rtmp.h
1064-linux-2.6.28/drivers/staging/rt2870/rtmp_type.h
1065-linux-2.6.28/drivers/staging/rt2870/rt_profile.c
1066-linux-2.6.28/drivers/staging/rt2870/spectrum_def.h
1067-linux-2.6.28/drivers/staging/rt2870/spectrum.h
1068-linux-2.6.28/drivers/staging/rt2870/sta/aironet.c
1069-linux-2.6.28/drivers/staging/rt2870/sta/assoc.c
1070-linux-2.6.28/drivers/staging/rt2870/sta/auth.c
1071-linux-2.6.28/drivers/staging/rt2870/sta/auth_rsp.c
1072-linux-2.6.28/drivers/staging/rt2870/sta/connect.c
1073-linux-2.6.28/drivers/staging/rt2870/sta/dls.c
1074-linux-2.6.28/drivers/staging/rt2870/sta_ioctl.c
1075-linux-2.6.28/drivers/staging/rt2870/sta_ioctl.c.patch
1076-linux-2.6.28/drivers/staging/rt2870/sta/rtmp_data.c
1077-linux-2.6.28/drivers/staging/rt2870/sta/sanity.c
1078-linux-2.6.28/drivers/staging/rt2870/sta/sync.c
1079-linux-2.6.28/drivers/staging/rt2870/sta/wpa.c
1080-linux-2.6.28/drivers/staging/rt2870/tmp60
1081-linux-2.6.28/drivers/staging/rt2870/tmp61
1082-linux-2.6.28/drivers/staging/rt2870/wpa.h
1083-linux-2.6.28/drivers/staging/rtl8187se/dot11d.h
1084-linux-2.6.28/drivers/staging/rtl8187se/ieee80211_crypt.h
1085-linux-2.6.28/drivers/staging/rtl8187se/ieee80211/dot11d.c
1086-linux-2.6.28/drivers/staging/rtl8187se/ieee80211/dot11d.h
1087-linux-2.6.28/drivers/staging/rtl8187se/ieee80211.h
1088-linux-2.6.28/drivers/staging/rtl8187se/ieee80211/ieee80211_crypt.c
1089-linux-2.6.28/drivers/staging/rtl8187se/ieee80211/ieee80211_crypt_ccmp.c
1090-linux-2.6.28/drivers/staging/rtl8187se/ieee80211/ieee80211_crypt.h
1091-linux-2.6.28/drivers/staging/rtl8187se/ieee80211/ieee80211_crypt_tkip.c
1092-linux-2.6.28/drivers/staging/rtl8187se/ieee80211/ieee80211_crypt_wep.c
1093-linux-2.6.28/drivers/staging/rtl8187se/ieee80211/ieee80211.h
1094-linux-2.6.28/drivers/staging/rtl8187se/ieee80211/ieee80211_module.c
1095-linux-2.6.28/drivers/staging/rtl8187se/ieee80211/ieee80211_rx.c
1096-linux-2.6.28/drivers/staging/rtl8187se/ieee80211/ieee80211_softmac.c
1097-linux-2.6.28/drivers/staging/rtl8187se/ieee80211/ieee80211_softmac_wx.c
1098-linux-2.6.28/drivers/staging/rtl8187se/ieee80211/ieee80211_tx.c
1099-linux-2.6.28/drivers/staging/rtl8187se/ieee80211/ieee80211_wx.c
1100-linux-2.6.28/drivers/staging/rtl8187se/ieee80211/internal.h
1101-linux-2.6.28/drivers/staging/rtl8187se/ieee80211/rtl_crypto.h
1102-linux-2.6.28/drivers/staging/rtl8187se/r8180_93cx6.c
1103-linux-2.6.28/drivers/staging/rtl8187se/r8180_93cx6.h
1104-linux-2.6.28/drivers/staging/rtl8187se/r8180_core.c
1105-linux-2.6.28/drivers/staging/rtl8187se/r8180_dm.c
1106-linux-2.6.28/drivers/staging/rtl8187se/r8180_dm.h
1107-linux-2.6.28/drivers/staging/rtl8187se/r8180_gct.c
1108-linux-2.6.28/drivers/staging/rtl8187se/r8180_gct.h
1109-linux-2.6.28/drivers/staging/rtl8187se/r8180.h
1110-linux-2.6.28/drivers/staging/rtl8187se/r8180_hw.h
1111-linux-2.6.28/drivers/staging/rtl8187se/r8180_max2820.c
1112-linux-2.6.28/drivers/staging/rtl8187se/r8180_max2820.h
1113-linux-2.6.28/drivers/staging/rtl8187se/r8180_pm.c
1114-linux-2.6.28/drivers/staging/rtl8187se/r8180_pm.h
1115-linux-2.6.28/drivers/staging/rtl8187se/r8180_rtl8225.c
1116-linux-2.6.28/drivers/staging/rtl8187se/r8180_rtl8225.h
1117-linux-2.6.28/drivers/staging/rtl8187se/r8180_rtl8225z2.c
1118-linux-2.6.28/drivers/staging/rtl8187se/r8180_rtl8255.c
1119-linux-2.6.28/drivers/staging/rtl8187se/r8180_rtl8255.h
1120-linux-2.6.28/drivers/staging/rtl8187se/r8180_sa2400.c
1121-linux-2.6.28/drivers/staging/rtl8187se/r8180_sa2400.h
1122-linux-2.6.28/drivers/staging/rtl8187se/r8180_wx.c
1123-linux-2.6.28/drivers/staging/rtl8187se/r8180_wx.h
1124-linux-2.6.28/drivers/staging/rtl8187se/r8185b_init.c
1125-linux-2.6.28/drivers/staging/slicoss/slic.h
1126-linux-2.6.28/drivers/staging/slicoss/slicoss.c
../../linux/linux-2.6.28/drivers/staging/slicoss/slicoss.c
1127-linux-2.6.28/drivers/staging/sxg/sxg.c
1128-linux-2.6.28/drivers/staging/sxg/sxgdbg.h
1129-linux-2.6.28/drivers/staging/sxg/sxg.h
1130-linux-2.6.28/drivers/staging/sxg/sxghif.h
1131-linux-2.6.28/drivers/staging/sxg/sxghw.h
1132-linux-2.6.28/drivers/staging/sxg/sxg_os.h
1133-linux-2.6.28/drivers/staging/sxg/sxgphycode.h
1134-linux-2.6.28/drivers/staging/usbip/stub_dev.c
1135-linux-2.6.28/drivers/staging/usbip/stub.h
1136-linux-2.6.28/drivers/staging/usbip/stub_main.c
1137-linux-2.6.28/drivers/staging/usbip/stub_rx.c
1138-linux-2.6.28/drivers/staging/usbip/stub_tx.c
1139-linux-2.6.28/drivers/staging/usbip/usbip_common.c
1140-linux-2.6.28/drivers/staging/usbip/vhci_hcd.c
1141-linux-2.6.28/drivers/staging/usbip/vhci_sysfs.c
1142-linux-2.6.28/drivers/staging/winbond/bssdscpt.h
1143-linux-2.6.28/drivers/staging/winbond/bss_f.h
1144-linux-2.6.28/drivers/staging/winbond/common.h
1145-linux-2.6.28/drivers/staging/winbond/core.h
1146-linux-2.6.28/drivers/staging/winbond/ds_tkip.h
1147-linux-2.6.28/drivers/staging/winbond/gl_80211.h
1148-linux-2.6.28/drivers/staging/winbond/localpara.h
1149-linux-2.6.28/drivers/staging/winbond/mac_structures.h
1150-linux-2.6.28/drivers/staging/winbond/mds.c
1151-linux-2.6.28/drivers/staging/winbond/mds_f.h
1152-linux-2.6.28/drivers/staging/winbond/mds_s.h
1153-linux-2.6.28/drivers/staging/winbond/mlme_mib.h
1154-linux-2.6.28/drivers/staging/winbond/mlme_s.h
1155-linux-2.6.28/drivers/staging/winbond/mlmetxrx.c
1156-linux-2.6.28/drivers/staging/winbond/mlmetxrx_f.h
1157-linux-2.6.28/drivers/staging/winbond/mto.c
1158-linux-2.6.28/drivers/staging/winbond/mto_f.h
1159-linux-2.6.28/drivers/staging/winbond/mto.h
1160-linux-2.6.28/drivers/staging/winbond/os_common.h
1161-linux-2.6.28/drivers/staging/winbond/phy_calibration.c
1162-linux-2.6.28/drivers/staging/winbond/phy_calibration.h
1163-linux-2.6.28/drivers/staging/winbond/reg.c
1164-linux-2.6.28/drivers/staging/winbond/scan_s.h
1165-linux-2.6.28/drivers/staging/winbond/sme_api.h
1166-linux-2.6.28/drivers/staging/winbond/sme_s.h
1167-linux-2.6.28/drivers/staging/winbond/sysdef.h
1168-linux-2.6.28/drivers/staging/winbond/wb35reg.c
1169-linux-2.6.28/drivers/staging/winbond/wb35reg_f.h
1170-linux-2.6.28/drivers/staging/winbond/wb35reg_s.h
1171-linux-2.6.28/drivers/staging/winbond/wb35rx.c
1172-linux-2.6.28/drivers/staging/winbond/wb35rx_f.h
1173-linux-2.6.28/drivers/staging/winbond/wb35rx_s.h
1174-linux-2.6.28/drivers/staging/winbond/wb35tx.c
1175-linux-2.6.28/drivers/staging/winbond/wb35tx_f.h
1176-linux-2.6.28/drivers/staging/winbond/wb35tx_s.h
1177-linux-2.6.28/drivers/staging/winbond/wbhal.c
1178-linux-2.6.28/drivers/staging/winbond/wbhal_f.h
1179-linux-2.6.28/drivers/staging/winbond/wbhal_s.h
1180-linux-2.6.28/drivers/staging/winbond/wblinux_f.h
1181-linux-2.6.28/drivers/staging/winbond/wbusb.c
1182-linux-2.6.28/drivers/staging/winbond/wbusb_s.h
1183-linux-2.6.28/drivers/staging/wlan-ng/hfa384x.h
1184-linux-2.6.28/drivers/staging/wlan-ng/hfa384x_usb.c
1185-linux-2.6.28/drivers/staging/wlan-ng/p80211conv.c
1186-linux-2.6.28/drivers/staging/wlan-ng/p80211conv.h
1187-linux-2.6.28/drivers/staging/wlan-ng/p80211hdr.h
1188-linux-2.6.28/drivers/staging/wlan-ng/p80211ioctl.h
1189-linux-2.6.28/drivers/staging/wlan-ng/p80211metadef.h
1190-linux-2.6.28/drivers/staging/wlan-ng/p80211meta.h
1191-linux-2.6.28/drivers/staging/wlan-ng/p80211metamib.h
1192-linux-2.6.28/drivers/staging/wlan-ng/p80211metamsg.h
1193-linux-2.6.28/drivers/staging/wlan-ng/p80211metastruct.h
1194-linux-2.6.28/drivers/staging/wlan-ng/p80211mgmt.h
1195-linux-2.6.28/drivers/staging/wlan-ng/p80211msg.h
1196-linux-2.6.28/drivers/staging/wlan-ng/p80211netdev.c
1197-linux-2.6.28/drivers/staging/wlan-ng/p80211netdev.h
1198-linux-2.6.28/drivers/staging/wlan-ng/p80211req.c
1199-linux-2.6.28/drivers/staging/wlan-ng/p80211req.h
1200-linux-2.6.28/drivers/staging/wlan-ng/p80211types.h
1201-linux-2.6.28/drivers/staging/wlan-ng/p80211wep.c
1202-linux-2.6.28/drivers/staging/wlan-ng/p80211wext.c
1203-linux-2.6.28/drivers/staging/wlan-ng/prism2mgmt.c
1204-linux-2.6.28/drivers/staging/wlan-ng/prism2mgmt.h
1205-linux-2.6.28/drivers/staging/wlan-ng/prism2mib.c
1206-linux-2.6.28/drivers/staging/wlan-ng/prism2sta.c
1207-linux-2.6.28/drivers/staging/wlan-ng/prism2usb.c
1208-linux-2.6.28/drivers/staging/wlan-ng/wlan_compat.h
1209-linux-2.6.28/drivers/usb/class/cdc-acm.c
1210-linux-2.6.28/drivers/usb/class/usbtmc.c
1211-linux-2.6.28/drivers/usb/core/devio.c
1212-linux-2.6.28/drivers/usb/core/driver.c
1213-linux-2.6.28/drivers/usb/core/hub.c
1214-linux-2.6.28/drivers/usb/core/inode.c
1215-linux-2.6.28/drivers/usb/core/message.c
1216-linux-2.6.28/drivers/usb/core/quirks.c
1217-linux-2.6.28/drivers/usb/core/usb.c
1218-linux-2.6.28/drivers/usb/core/usb.h
1219-linux-2.6.28/drivers/usb/gadget/arcotg_udc.c
1220-linux-2.6.28/drivers/usb/gadget/arcotg_udc.h
1221-linux-2.6.28/drivers/usb/gadget/arm_mxc_ubuntu_inode.c
1222-linux-2.6.28/drivers/usb/host/ehci-arc.c
1223-linux-2.6.28/drivers/usb/host/ehci-fsl.h
1224-linux-2.6.28/drivers/usb/host/ehci.h
1225-linux-2.6.28/drivers/usb/host/ehci-hcd.c
1226-linux-2.6.28/drivers/usb/host/ehci-hub.c
1227-linux-2.6.28/drivers/usb/host/ehci-mem.c
1228-linux-2.6.28/drivers/usb/host/ehci-mem-iram.c
1229-linux-2.6.28/drivers/usb/host/ehci-q.c
1230-linux-2.6.28/drivers/usb/host/ehci-q-iram.c
1231-linux-2.6.28/drivers/usb/host/ehci-sched.c
1232-linux-2.6.28/drivers/usb/host/isp1760-if.c
1233-linux-2.6.28/drivers/usb/host/pci-quirks.c
1234-linux-2.6.28/drivers/usb/host/uhci-hcd.c
1235-linux-2.6.28/drivers/usb/misc/emi26.c
1236-linux-2.6.28/drivers/usb/mon/mon_bin.c
1237-linux-2.6.28/drivers/usb/serial/cp2101.c
1238-linux-2.6.28/drivers/usb/serial/ftdi_sio.c
1239-linux-2.6.28/drivers/usb/serial/ftdi_sio.h
1240-linux-2.6.28/drivers/usb/serial/ipaq.c
1241-linux-2.6.28/drivers/usb/serial/option.c
1242-linux-2.6.28/drivers/usb/serial/ti_usb_3410_5052.c
1243-linux-2.6.28/drivers/usb/serial/ti_usb_3410_5052.h
1244-linux-2.6.28/drivers/usb/storage/libusual.c
1245-linux-2.6.28/drivers/usb/storage/option_ms.c
1246-linux-2.6.28/drivers/usb/storage/option_ms.h
1247-linux-2.6.28/drivers/usb/storage/scsiglue.c
1248-linux-2.6.28/drivers/usb/storage/transport.c
1249-linux-2.6.28/drivers/usb/storage/unusual_devs.h
1250-linux-2.6.28/drivers/usb/storage/usb.c
1251-linux-2.6.28/drivers/usb/storage/usb.h
1252-linux-2.6.28/drivers/video/aty/mach64_ct.c
1253-linux-2.6.28/drivers/video/backlight/mxc_mc13892_bl.c
1254-linux-2.6.28/drivers/video/mxc/mxcfb_ch7026.c
../../linux/linux-2.6.28/drivers/video/mxc/mxcfb_ch7026.c
1255-linux-2.6.28/drivers/video/mxc/mxcfb_epson_vga.c
1256-linux-2.6.28/drivers/video/mxc/mxc_ipuv3_fb.c
1257-linux-2.6.28/drivers/video/mxc/tve.c
1258-linux-2.6.28/drivers/video/vesafb.c
1259-linux-2.6.28/drivers/w1/masters/mxc_w1.c
1260-linux-2.6.28/drivers/w1/slaves/w1_ds2438.c
1261-linux-2.6.28/drivers/w1/slaves/w1_ds2438.h
1262-linux-2.6.28/drivers/w1/slaves/w1_therm.c
1263-linux-2.6.28/drivers/w1/w1_family.h
1264-linux-2.6.28/drivers/watchdog/iTCO_vendor_support.c
1265-linux-2.6.28/drivers/watchdog/iTCO_wdt.c
1266-linux-2.6.28/drivers/watchdog/ks8695_wdt.c
1267-linux-2.6.28/drivers/watchdog/mxc_wdt.c
1268-linux-2.6.28/drivers/watchdog/mxc_wdt.h
1269-linux-2.6.28/drivers/watchdog/rc32434_wdt.c
1270-linux-2.6.28/drivers/xen/balloon.c
1271-linux-2.6.28/fs/affs/file.c
1272-linux-2.6.28/fs/afs/dir.c
1273-linux-2.6.28/fs/afs/file.c
1274-linux-2.6.28/fs/afs/inode.c
1275-linux-2.6.28/fs/afs/internal.h
1276-linux-2.6.28/fs/afs/write.c
1277-linux-2.6.28/fs/aio.c
1278-linux-2.6.28/fs/attr.c
1279-linux-2.6.28/fs/binfmt_elf.c
1280-linux-2.6.28/fs/buffer.c
1281-linux-2.6.28/fs/cifs/cifs_dfs_ref.c
1282-linux-2.6.28/fs/cifs/connect.c
1283-linux-2.6.28/fs/cifs/file.c
1284-linux-2.6.28/fs/cifs/sess.c
1285-linux-2.6.28/fs/compat.c
1286-linux-2.6.28/fs/compat_ioctl.c
1287-linux-2.6.28/fs/dcache.c
1288-linux-2.6.28/fs/dcookies.c
1289-linux-2.6.28/fs/dlm/plock.c
1290-linux-2.6.28/fs/ecryptfs/crypto.c
1291-linux-2.6.28/fs/ecryptfs/ecryptfs_kernel.h
1292-linux-2.6.28/fs/ecryptfs/file.c
1293-linux-2.6.28/fs/ecryptfs/inode.c
1294-linux-2.6.28/fs/ecryptfs/keystore.c
1295-linux-2.6.28/fs/ecryptfs/main.c
1296-linux-2.6.28/fs/ecryptfs/messaging.c
1297-linux-2.6.28/fs/ecryptfs/miscdev.c
1298-linux-2.6.28/fs/ecryptfs/mmap.c
1299-linux-2.6.28/fs/eventfd.c
1300-linux-2.6.28/fs/eventpoll.c
1301-linux-2.6.28/fs/exec.c
1302-linux-2.6.28/fs/ext2/super.c
1303-linux-2.6.28/fs/ext3/inode.c
1304-linux-2.6.28/fs/ext3/namei.c
1305-linux-2.6.28/fs/ext4/balloc.c
1306-linux-2.6.28/fs/ext4/ext4.h
1307-linux-2.6.28/fs/ext4/ext4_sb.h
1308-linux-2.6.28/fs/ext4/extents.c
1309-linux-2.6.28/fs/ext4/file.c
1310-linux-2.6.28/fs/ext4/hash.c
1311-linux-2.6.28/fs/ext4/ialloc.c
1312-linux-2.6.28/fs/ext4/inode.c
1313-linux-2.6.28/fs/ext4/ioctl.c
1314-linux-2.6.28/fs/ext4/mballoc.c
1315-linux-2.6.28/fs/ext4/mballoc.h
1316-linux-2.6.28/fs/ext4/migrate.c
1317-linux-2.6.28/fs/ext4/namei.c
1318-linux-2.6.28/fs/ext4/resize.c
1319-linux-2.6.28/fs/ext4/super.c
1320-linux-2.6.28/fs/fat/file.c
1321-linux-2.6.28/fs/fcntl.c
1322-linux-2.6.28/fs/filesystems.c
1323-linux-2.6.28/fs/file_table.c
1324-linux-2.6.28/fs/fs-writeback.c
1325-linux-2.6.28/fs/fuse/dev.c
1326-linux-2.6.28/fs/fuse/dir.c
1327-linux-2.6.28/fs/fuse/file.c
1328-linux-2.6.28/fs/fuse/fuse_i.h
1329-linux-2.6.28/fs/fuse/inode.c
1330-linux-2.6.28/fs/gfs2/ops_address.c
1331-linux-2.6.28/fs/hostfs/hostfs_kern.c
1332-linux-2.6.28/fs/hpfs/namei.c
1333-linux-2.6.28/fs/inode.c
1334-linux-2.6.28/fs/inotify.c
1335-linux-2.6.28/fs/inotify_user.c
1336-linux-2.6.28/fs/ioctl.c
1337-linux-2.6.28/fs/ioprio.c
1338-linux-2.6.28/fs/jbd2/commit.c
1339-linux-2.6.28/fs/jbd2/journal.c
1340-linux-2.6.28/fs/jbd2/transaction.c
1341-linux-2.6.28/fs/jffs2/file.c
1342-linux-2.6.28/fs/jffs2/fs.c
1343-linux-2.6.28/fs/jffs2/os-linux.h
1344-linux-2.6.28/fs/jffs2/readinode.c
1345-linux-2.6.28/fs/libfs.c
1346-linux-2.6.28/fs/lockd/svclock.c
1347-linux-2.6.28/fs/locks.c
1348-linux-2.6.28/fs/minix/dir.c
1349-linux-2.6.28/fs/namei.c
1350-linux-2.6.28/fs/namespace.c
1351-linux-2.6.28/fs/nfsctl.c
1352-linux-2.6.28/fs/nfs/dir.c
1353-linux-2.6.28/fs/nfsd/nfs4recover.c
1354-linux-2.6.28/fs/nfsd/nfs4state.c
1355-linux-2.6.28/fs/nfsd/nfs4xdr.c
1356-linux-2.6.28/fs/nfsd/vfs.c
1357-linux-2.6.28/fs/nfs/file.c
1358-linux-2.6.28/fs/nfs/read.c
1359-linux-2.6.28/fs/ocfs2/journal.h
1360-linux-2.6.28/fs/open.c
1361-linux-2.6.28/fs/pipe.c
1362-linux-2.6.28/fs/proc/page.c
1363-linux-2.6.28/fs/proc/version_signature.c
1364-linux-2.6.28/fs/quota.c
1365-linux-2.6.28/fs/readdir.c
1366-linux-2.6.28/fs/read_write.c
1367-linux-2.6.28/fs/reiserfs/inode.c
1368-linux-2.6.28/fs/reiserfs/xattr.c
1369-linux-2.6.28/fs/select.c
1370-linux-2.6.28/fs/seq_file.c
1371-linux-2.6.28/fs/signalfd.c
1372-linux-2.6.28/fs/smbfs/file.c
1373-linux-2.6.28/fs/splice.c
1374-linux-2.6.28/fs/stat.c
1375-linux-2.6.28/fs/super.c
1376-linux-2.6.28/fs/sync.c
1377-linux-2.6.28/fs/sysfs/bin.c
1378-linux-2.6.28/fs/timerfd.c
1379-linux-2.6.28/fs/ubifs/file.c
1380-linux-2.6.28/fs/udf/unicode.c
1381-linux-2.6.28/fs/utimes.c
1382-linux-2.6.28/fs/xattr.c
1383-linux-2.6.28/fs/xfs/linux-2.6/xfs_buf.c
1384-linux-2.6.28/fs/xfs/xfs_dir2_block.c
1385-linux-2.6.28/fs/xfs/xfs_dir2_leaf.c
1386-linux-2.6.28/fs/xfs/xfs_dir2_sf.c
1387-linux-2.6.28/include/acpi/pdc_intel.h
1388-linux-2.6.28/include/drm/drm_pciids.h
1389-linux-2.6.28/include/drm/i915_drm.h
1390-linux-2.6.28/include/drm/radeon_drm.h
1391-linux-2.6.28/include/linux/ata.h
1392-linux-2.6.28/include/linux/audit.h
1393-linux-2.6.28/include/linux/aufs_type.h
1394-linux-2.6.28/include/linux/capability.h
1395-linux-2.6.28/include/linux/compat.h
1396-linux-2.6.28/include/linux/connector.h
1397-linux-2.6.28/include/linux/dcache.h
1398-linux-2.6.28/include/linux/dmi.h
1399-linux-2.6.28/include/linux/fs.h
1400-linux-2.6.28/include/linux/fsl_devices.h
1401-linux-2.6.28/include/linux/if_tunnel.h
1402-linux-2.6.28/include/linux/ipu.h
1403-linux-2.6.28/include/linux/jbd2.h
1404-linux-2.6.28/include/linux/klist.h
1405-linux-2.6.28/include/linux/libata.h
1406-linux-2.6.28/include/linux/mfd/mc13892/core.h
1407-linux-2.6.28/include/linux/mmc/host.h
1408-linux-2.6.28/include/linux/mm.h
1409-linux-2.6.28/include/linux/mmzone.h
1410-linux-2.6.28/include/linux/mod_devicetable.h
1411-linux-2.6.28/include/linux/module.h
1412-linux-2.6.28/include/linux/mount.h
1413-linux-2.6.28/include/linux/mxcfb.h
1414-linux-2.6.28/include/linux/mxc_scc2_driver.h
1415-linux-2.6.28/include/linux/mxc_v4l2.h
1416-linux-2.6.28/include/linux/namei.h
1417-linux-2.6.28/include/linux/nfsd/nfsd.h
1418-linux-2.6.28/include/linux/pagemap.h
1419-linux-2.6.28/include/linux/pci.h
1420-linux-2.6.28/include/linux/pci_ids.h
1421-linux-2.6.28/include/linux/pid.h
1422-linux-2.6.28/include/linux/pmic_adc.h
1423-linux-2.6.28/include/linux/pmic_external.h
1424-linux-2.6.28/include/linux/pmic_light.h
1425-linux-2.6.28/include/linux/pmic_status.h
1426-linux-2.6.28/include/linux/radix-tree.h
1427-linux-2.6.28/include/linux/sched.h
1428-linux-2.6.28/include/linux/security.h
1429-linux-2.6.28/include/linux/seq_file.h
1430-linux-2.6.28/include/linux/serial_core.h
1431-linux-2.6.28/include/linux/serial.h
1432-linux-2.6.28/include/linux/skbuff.h
1433-linux-2.6.28/include/linux/slab_def.h
1434-linux-2.6.28/include/linux/splice.h
1435-linux-2.6.28/include/linux/swap.h
1436-linux-2.6.28/include/linux/syscalls.h
1437-linux-2.6.28/include/linux/sysctl.h
1438-linux-2.6.28/include/linux/time.h
1439-linux-2.6.28/include/linux/timerfd.h
1440-linux-2.6.28/include/linux/usb/fsl_xcvr.h
1441-linux-2.6.28/include/linux/usb_usual.h
1442-linux-2.6.28/include/linux/wait.h
1443-linux-2.6.28/include/linux/writeback.h
1444-linux-2.6.28/include/linux/xattr.h
1445-linux-2.6.28/include/media/videobuf-dma-sg.h
1446-linux-2.6.28/include/mtd/mtd-abi.h
1447-linux-2.6.28/include/net/ieee80211.h
1448-linux-2.6.28/include/net/sctp/checksum.h
1449-linux-2.6.28/include/net/sock.h
1450-linux-2.6.28/include/trace/fs.h
1451-linux-2.6.28/init/do_mounts_rd.c
1452-linux-2.6.28/init/initramfs.c
1453-linux-2.6.28/init/version.c
1454-linux-2.6.28/ipc/mqueue.c
1455-linux-2.6.28/ipc/msg.c
1456-linux-2.6.28/ipc/sem.c
1457-linux-2.6.28/ipc/shm.c
1458-linux-2.6.28/kernel/acct.c
1459-linux-2.6.28/kernel/audit.c
1460-linux-2.6.28/kernel/capability.c
1461-linux-2.6.28/kernel/cgroup.c
1462-linux-2.6.28/kernel/exec_domain.c
1463-linux-2.6.28/kernel/exit.c
1464-linux-2.6.28/kernel/fork.c
1465-linux-2.6.28/kernel/futex.c
1466-linux-2.6.28/kernel/hrtimer.c
1467-linux-2.6.28/kernel/itimer.c
1468-linux-2.6.28/kernel/kexec.c
1469-linux-2.6.28/kernel/module.c
1470-linux-2.6.28/kernel/posix-timers.c
1471-linux-2.6.28/kernel/power/console.c
1472-linux-2.6.28/kernel/printk.c
1473-linux-2.6.28/kernel/ptrace.c
1474-linux-2.6.28/kernel/relay.c
1475-linux-2.6.28/kernel/resource.c
1476-linux-2.6.28/kernel/sched.c
1477-linux-2.6.28/kernel/sched_clock.c
1478-linux-2.6.28/kernel/sched_fair.c
1479-linux-2.6.28/kernel/seccomp.c
1480-linux-2.6.28/kernel/signal.c
1481-linux-2.6.28/kernel/sys.c
1482-linux-2.6.28/kernel/sysctl.c
1483-linux-2.6.28/kernel/sys_ni.c
1484-linux-2.6.28/kernel/time.c
1485-linux-2.6.28/kernel/timer.c
1486-linux-2.6.28/kernel/time/timekeeping.c
1487-linux-2.6.28/kernel/trace/ring_buffer.c
1488-linux-2.6.28/kernel/trace/trace.h
1489-linux-2.6.28/kernel/trace/trace_open.c
1490-linux-2.6.28/kernel/tsacct.c
1491-linux-2.6.28/kernel/uid16.c
1492-linux-2.6.28/kernel/wait.c
1493-linux-2.6.28/lib/idr.c
1494-linux-2.6.28/lib/kobject_uevent.c
1495-linux-2.6.28/mm/fadvise.c
1496-linux-2.6.28/mm/filemap.c
1497-linux-2.6.28/mm/fremap.c
1498-linux-2.6.28/mm/madvise.c
1499-linux-2.6.28/mm/memory.c
1500-linux-2.6.28/mm/mempolicy.c
1501-linux-2.6.28/mm/migrate.c
1502-linux-2.6.28/mm/mincore.c
1503-linux-2.6.28/mm/mlock.c
1504-linux-2.6.28/mm/mmap.c
1505-linux-2.6.28/mm/mprotect.c
1506-linux-2.6.28/mm/mremap.c
1507-linux-2.6.28/mm/msync.c
1508-linux-2.6.28/mm/nommu.c
1509-linux-2.6.28/mm/page_alloc.c
1510-linux-2.6.28/mm/page-writeback.c
1511-linux-2.6.28/mm/swapfile.c
1512-linux-2.6.28/mm/vmalloc.c
1513-linux-2.6.28/net/bridge/br.c
1514-linux-2.6.28/net/bridge/netfilter/ebtables.c
1515-linux-2.6.28/net/core/net_namespace.c
1516-linux-2.6.28/net/core/skbuff.c
1517-linux-2.6.28/net/core/sock.c
1518-linux-2.6.28/net/ieee80211/ieee80211_module.c
1519-linux-2.6.28/net/ieee80211/ieee80211_rx.c
1520-linux-2.6.28/net/ieee80211/ieee80211_wx.c
1521-linux-2.6.28/net/ipv4/ipconfig.c
1522-linux-2.6.28/net/ipv4/netfilter/ip_queue.c
1523-linux-2.6.28/net/ipv4/netfilter/nf_conntrack_proto_icmp.c
1524-linux-2.6.28/net/ipv4/tcp.c
1525-linux-2.6.28/net/ipv4/udp.c
1526-linux-2.6.28/net/ipv6/ip6_fib.c
1527-linux-2.6.28/net/ipv6/ip6_flowlabel.c
1528-linux-2.6.28/net/ipv6/ip6_output.c
1529-linux-2.6.28/net/ipv6/netfilter/ip6_queue.c
1530-linux-2.6.28/net/ipv6/netfilter/nf_conntrack_proto_icmpv6.c
1531-linux-2.6.28/net/mac80211/debugfs_netdev.c
1532-linux-2.6.28/net/mac80211/rc80211_minstrel.c
1533-linux-2.6.28/net/mac80211/tx.c
1534-linux-2.6.28/net/netfilter/nf_conntrack_netlink.c
1535-linux-2.6.28/net/netfilter/x_tables.c
1536-linux-2.6.28/net/netfilter/xt_sctp.c
1537-linux-2.6.28/net/netlink/af_netlink.c
1538-linux-2.6.28/net/packet/af_packet.c
1539-linux-2.6.28/net/sched/cls_u32.c
1540-linux-2.6.28/net/sched/sch_htb.c
1541-linux-2.6.28/net/sctp/input.c
1542-linux-2.6.28/net/sctp/output.c
1543-linux-2.6.28/net/sctp/outqueue.c
1544-linux-2.6.28/net/sctp/sm_statefuns.c
1545-linux-2.6.28/net/socket.c
1546-linux-2.6.28/net/unix/af_unix.c
1547-linux-2.6.28/net/wanrouter/wanmain.c
1548-linux-2.6.28/scripts/kernel-doc
1549-linux-2.6.28/scripts/mod/file2alias.c
1550-linux-2.6.28/security/apparmor/apparmorfs.c
1551-linux-2.6.28/security/apparmor/apparmor.h
1552-linux-2.6.28/security/apparmor/inline.h
1553-linux-2.6.28/security/apparmor/list.c
1554-linux-2.6.28/security/apparmor/lsm.c
1555-linux-2.6.28/security/apparmor/main.c
1556-linux-2.6.28/security/apparmor/match.c
1557-linux-2.6.28/security/apparmor/match.h
1558-linux-2.6.28/security/apparmor/module_interface.c
1559-linux-2.6.28/security/apparmor/procattr.c
1560-linux-2.6.28/security/capability.c
1561-linux-2.6.28/security/commoncap.c
1562-linux-2.6.28/security/device_cgroup.c
1563-linux-2.6.28/security/keys/keyctl.c
1564-linux-2.6.28/security/security.c
1565-linux-2.6.28/security/selinux/hooks.c
1566-linux-2.6.28/security/selinux/netlabel.c
1567-linux-2.6.28/security/smack/smack_lsm.c
1568-linux-2.6.28/sound/arm/mxc-alsa-spdif.c
1569-linux-2.6.28/sound/core/oss/pcm_oss.c
1570-linux-2.6.28/sound/core/oss/rate.c
1571-linux-2.6.28/sound/core/pcm_lib.c
1572-linux-2.6.28/sound/core/sgbuf.c
1573-linux-2.6.28/sound/drivers/mtpav.c
1574-linux-2.6.28/sound/isa/opl3sa2.c
1575-linux-2.6.28/sound/pci/ac97/ac97_patch.c
1576-linux-2.6.28/sound/pci/aw2/aw2-alsa.c
1577-linux-2.6.28/sound/pci/hda/hda_codec.c
1578-linux-2.6.28/sound/pci/hda/hda_eld.c
1579-linux-2.6.28/sound/pci/hda/hda_intel.c
1580-linux-2.6.28/sound/pci/hda/hda_local.h
1581-linux-2.6.28/sound/pci/hda/hda_patch.h
1582-linux-2.6.28/sound/pci/hda/hda_proc.c
1583-linux-2.6.28/sound/pci/hda/lpia_ubuntu_patch_sigmatel.c
1584-linux-2.6.28/sound/pci/hda/patch_analog.c
1585-linux-2.6.28/sound/pci/hda/patch_atihdmi.c
1586-linux-2.6.28/sound/pci/hda/patch_conexant.c
1587-linux-2.6.28/sound/pci/hda/patch_intelhdmi.c
1588-linux-2.6.28/sound/pci/hda/patch_nvhdmi.c
1589-linux-2.6.28/sound/pci/hda/patch_realtek.c
1590-linux-2.6.28/sound/pci/hda/patch_sigmatel.c
1591-linux-2.6.28/sound/pci/mixart/mixart.c
1592-linux-2.6.28/sound/pci/oxygen/oxygen.c
1593-linux-2.6.28/sound/pci/oxygen/virtuoso.c
1594-linux-2.6.28/sound/soc/codecs/sgtl5000.c
1595-linux-2.6.28/sound/soc/codecs/sgtl5000.h
1596-linux-2.6.28/sound/soc/imx/imx-3stack-sgtl5000.c
1597-linux-2.6.28/sound/soc/imx/imx-pcm.c
1598-linux-2.6.28/sound/soc/imx/imx-pcm.h
1599-linux-2.6.28/sound/soc/imx/imx-ssi.c
1600-linux-2.6.28/sound/soc/imx/imx-ssi.h
1601-linux-2.6.28/sound/usb/caiaq/caiaq-device.h
1602-linux-2.6.28/sound/usb/caiaq/caiaq-midi.c
1603-linux-2.6.28/sound/usb/usbaudio.c
1604-linux-2.6.28/sound/usb/usbmidi.c
1605-linux-2.6.28/sound/usb/usbquirks.h
1606-linux-2.6.28/ubuntu/atl2/atl2_ethtool.c
1607-linux-2.6.28/ubuntu/atl2/atl2.h
1608-linux-2.6.28/ubuntu/atl2/atl2_hw.c
1609-linux-2.6.28/ubuntu/atl2/atl2_hw.h
1610-linux-2.6.28/ubuntu/atl2/atl2_main.c
1611-linux-2.6.28/ubuntu/atl2/atl2_osdep.h
1612-linux-2.6.28/ubuntu/atl2/atl2_param.c
1613-linux-2.6.28/ubuntu/aufs/aufs.h
1614-linux-2.6.28/ubuntu/aufs/branch.c
1615-linux-2.6.28/ubuntu/aufs/branch.h
1616-linux-2.6.28/ubuntu/aufs/br_fuse.c
1617-linux-2.6.28/ubuntu/aufs/br_nfs.c
1618-linux-2.6.28/ubuntu/aufs/br_xfs.c
1619-linux-2.6.28/ubuntu/aufs/cpup.c
1620-linux-2.6.28/ubuntu/aufs/cpup.h
1621-linux-2.6.28/ubuntu/aufs/dcsub.c
1622-linux-2.6.28/ubuntu/aufs/dcsub.h
1623-linux-2.6.28/ubuntu/aufs/debug.c
1624-linux-2.6.28/ubuntu/aufs/debug.h
1625-linux-2.6.28/ubuntu/aufs/dentry.c
1626-linux-2.6.28/ubuntu/aufs/dentry.h
1627-linux-2.6.28/ubuntu/aufs/dinfo.c
1628-linux-2.6.28/ubuntu/aufs/dir.c
1629-linux-2.6.28/ubuntu/aufs/dir.h
1630-linux-2.6.28/ubuntu/aufs/dlgt.c
1631-linux-2.6.28/ubuntu/aufs/export.c
1632-linux-2.6.28/ubuntu/aufs/file.c
1633-linux-2.6.28/ubuntu/aufs/file.h
1634-linux-2.6.28/ubuntu/aufs/finfo.c
1635-linux-2.6.28/ubuntu/aufs/f_op.c
1636-linux-2.6.28/ubuntu/aufs/hinode.h
1637-linux-2.6.28/ubuntu/aufs/hin_or_dlgt.c
1638-linux-2.6.28/ubuntu/aufs/hin_or_fuse.c
1639-linux-2.6.28/ubuntu/aufs/hinotify.c
1640-linux-2.6.28/ubuntu/aufs/iinfo.c
1641-linux-2.6.28/ubuntu/aufs/inode.c
1642-linux-2.6.28/ubuntu/aufs/inode.h
1643-linux-2.6.28/ubuntu/aufs/i_op_add.c
1644-linux-2.6.28/ubuntu/aufs/i_op.c
1645-linux-2.6.28/ubuntu/aufs/i_op_del.c
1646-linux-2.6.28/ubuntu/aufs/i_op_ren.c
1647-linux-2.6.28/ubuntu/aufs/misc.c
1648-linux-2.6.28/ubuntu/aufs/misc.h
1649-linux-2.6.28/ubuntu/aufs/module.c
1650-linux-2.6.28/ubuntu/aufs/module.h
1651-linux-2.6.28/ubuntu/aufs/opts.c
1652-linux-2.6.28/ubuntu/aufs/opts.h
1653-linux-2.6.28/ubuntu/aufs/plink.c
1654-linux-2.6.28/ubuntu/aufs/robr.c
1655-linux-2.6.28/ubuntu/aufs/sbinfo.c
1656-linux-2.6.28/ubuntu/aufs/super.c
1657-linux-2.6.28/ubuntu/aufs/super.h
1658-linux-2.6.28/ubuntu/aufs/sysaufs.c
1659-linux-2.6.28/ubuntu/aufs/sysaufs.h
1660-linux-2.6.28/ubuntu/aufs/sysfs.c
1661-linux-2.6.28/ubuntu/aufs/sysrq.c
1662-linux-2.6.28/ubuntu/aufs/vdir.c
1663-linux-2.6.28/ubuntu/aufs/vfsub.c
1664-linux-2.6.28/ubuntu/aufs/vfsub.h
1665-linux-2.6.28/ubuntu/aufs/wbr_policy.c
1666-linux-2.6.28/ubuntu/aufs/whout.c
1667-linux-2.6.28/ubuntu/aufs/whout.h
1668-linux-2.6.28/ubuntu/aufs/wkq.c
1669-linux-2.6.28/ubuntu/aufs/wkq.h
1670-linux-2.6.28/ubuntu/aufs/xino.c
1671-linux-2.6.28/ubuntu/compcache/compcache.c
1672-linux-2.6.28/ubuntu/compcache/compcache.h
1673-linux-2.6.28/ubuntu/compcache/tlsf.c
1674-linux-2.6.28/ubuntu/compcache/tlsf_int.h
1675-linux-2.6.28/ubuntu/dm-loop/dm-loop.c
1676-linux-2.6.28/ubuntu/dm-raid4-5/dm-mem-cache.c
1677-linux-2.6.28/ubuntu/dm-raid4-5/dm-mem-cache.h
1678-linux-2.6.28/ubuntu/dm-raid4-5/dm-message.c
1679-linux-2.6.28/ubuntu/dm-raid4-5/dm-message.h
1680-linux-2.6.28/ubuntu/dm-raid4-5/dm-raid4-5.c
1681-linux-2.6.28/ubuntu/dm-raid4-5/dm-raid4-5.h
1682-linux-2.6.28/ubuntu/dm-raid4-5/dm-region_hash.c
1683-linux-2.6.28/ubuntu/dm-raid4-5/dm-region_hash.h
1684-linux-2.6.28/ubuntu/drbd/drbd_actlog.c
1685-linux-2.6.28/ubuntu/drbd/drbd_bitmap.c
1686-linux-2.6.28/ubuntu/drbd/drbd_buildtag.c
1687-linux-2.6.28/ubuntu/drbd/drbd_int.h
1688-linux-2.6.28/ubuntu/drbd/drbd_main.c
1689-linux-2.6.28/ubuntu/drbd/drbd_nl.c
1690-linux-2.6.28/ubuntu/drbd/drbd_proc.c
1691-linux-2.6.28/ubuntu/drbd/drbd_receiver.c
1692-linux-2.6.28/ubuntu/drbd/drbd_req.c
1693-linux-2.6.28/ubuntu/drbd/drbd_req.h
1694-linux-2.6.28/ubuntu/drbd/drbd_strings.c
1695-linux-2.6.28/ubuntu/drbd/drbd_worker.c
1696-linux-2.6.28/ubuntu/drbd/drbd_wrappers.h
1697-linux-2.6.28/ubuntu/drbd/linux/drbd_config.h
1698-linux-2.6.28/ubuntu/drbd/linux/drbd.h
1699-linux-2.6.28/ubuntu/drbd/linux/drbd_limits.h
1700-linux-2.6.28/ubuntu/drbd/linux/drbd_nl.h
1701-linux-2.6.28/ubuntu/drbd/linux/drbd_tag_magic.h
1702-linux-2.6.28/ubuntu/drbd/lru_cache.c
1703-linux-2.6.28/ubuntu/drbd/lru_cache.h
1704-linux-2.6.28/ubuntu/et131x/ET1310_address_map.h
1705-linux-2.6.28/ubuntu/et131x/ET1310_common.h
1706-linux-2.6.28/ubuntu/et131x/ET1310_eeprom.c
1707-linux-2.6.28/ubuntu/et131x/ET1310_eeprom.h
1708-linux-2.6.28/ubuntu/et131x/ET1310_jagcore.c
1709-linux-2.6.28/ubuntu/et131x/ET1310_jagcore.h
1710-linux-2.6.28/ubuntu/et131x/ET1310_mac.c
1711-linux-2.6.28/ubuntu/et131x/ET1310_mac.h
1712-linux-2.6.28/ubuntu/et131x/ET1310_phy.c
1713-linux-2.6.28/ubuntu/et131x/ET1310_phy.h
1714-linux-2.6.28/ubuntu/et131x/ET1310_pm.c
1715-linux-2.6.28/ubuntu/et131x/ET1310_pm.h
1716-linux-2.6.28/ubuntu/et131x/ET1310_rx.c
1717-linux-2.6.28/ubuntu/et131x/ET1310_rx.h
1718-linux-2.6.28/ubuntu/et131x/ET1310_tx.c
1719-linux-2.6.28/ubuntu/et131x/ET1310_tx.h
1720-linux-2.6.28/ubuntu/et131x/et131x_adapter.h
1721-linux-2.6.28/ubuntu/et131x/et131x_config.c
1722-linux-2.6.28/ubuntu/et131x/et131x_config.h
1723-linux-2.6.28/ubuntu/et131x/et131x_debug.c
1724-linux-2.6.28/ubuntu/et131x/et131x_debug.h
1725-linux-2.6.28/ubuntu/et131x/et131x_defs.h
1726-linux-2.6.28/ubuntu/et131x/et131x_initpci.c
1727-linux-2.6.28/ubuntu/et131x/et131x_initpci.h
1728-linux-2.6.28/ubuntu/et131x/et131x_isr.c
1729-linux-2.6.28/ubuntu/et131x/et131x_isr.h
1730-linux-2.6.28/ubuntu/et131x/et131x_main.c
1731-linux-2.6.28/ubuntu/et131x/et131x_netdev.c
1732-linux-2.6.28/ubuntu/et131x/et131x_netdev.h
1733-linux-2.6.28/ubuntu/et131x/et131x_supp.c
1734-linux-2.6.28/ubuntu/et131x/et131x_supp.h
1735-linux-2.6.28/ubuntu/et131x/et131x_version.h
1736-linux-2.6.28/ubuntu/gfs/acl.c
1737-linux-2.6.28/ubuntu/gfs/acl.h
1738-linux-2.6.28/ubuntu/gfs/bits.c
1739-linux-2.6.28/ubuntu/gfs/bits.h
1740-linux-2.6.28/ubuntu/gfs/bmap.c
1741-linux-2.6.28/ubuntu/gfs/bmap.h
1742-linux-2.6.28/ubuntu/gfs/daemon.c
1743-linux-2.6.28/ubuntu/gfs/daemon.h
1744-linux-2.6.28/ubuntu/gfs/dio.c
1745-linux-2.6.28/ubuntu/gfs/dio.h
1746-linux-2.6.28/ubuntu/gfs/dir.c
1747-linux-2.6.28/ubuntu/gfs/dir.h
1748-linux-2.6.28/ubuntu/gfs/eaops.c
1749-linux-2.6.28/ubuntu/gfs/eaops.h
1750-linux-2.6.28/ubuntu/gfs/eattr.c
1751-linux-2.6.28/ubuntu/gfs/eattr.h
1752-linux-2.6.28/ubuntu/gfs/file.c
1753-linux-2.6.28/ubuntu/gfs/file.h
1754-linux-2.6.28/ubuntu/gfs/fixed_div64.h
1755-linux-2.6.28/ubuntu/gfs/format.h
1756-linux-2.6.28/ubuntu/gfs/gfs.h
1757-linux-2.6.28/ubuntu/gfs/gfs_ioctl.h
1758-linux-2.6.28/ubuntu/gfs/gfs_ondisk.h
../../linux/linux-2.6.28/ubuntu/gfs/gfs_ondisk.h
1759-linux-2.6.28/ubuntu/gfs/glock.c
1760-linux-2.6.28/ubuntu/gfs/glock.h
1761-linux-2.6.28/ubuntu/gfs/glops.c
1762-linux-2.6.28/ubuntu/gfs/glops.h
1763-linux-2.6.28/ubuntu/gfs/incore.h
1764-linux-2.6.28/ubuntu/gfs/inode.c
1765-linux-2.6.28/ubuntu/gfs/inode.h
1766-linux-2.6.28/ubuntu/gfs/ioctl.c
1767-linux-2.6.28/ubuntu/gfs/ioctl.h
1768-linux-2.6.28/ubuntu/gfs/lm.c
1769-linux-2.6.28/ubuntu/gfs/lm.h
1770-linux-2.6.28/ubuntu/gfs/lm_interface.h
1771-linux-2.6.28/ubuntu/gfs/lock_dlm.h
1772-linux-2.6.28/ubuntu/gfs/lock_dlm_lock.c
1773-linux-2.6.28/ubuntu/gfs/lock_dlm_main.c
1774-linux-2.6.28/ubuntu/gfs/lock_dlm_mount.c
1775-linux-2.6.28/ubuntu/gfs/lock_dlm_sysfs.c
1776-linux-2.6.28/ubuntu/gfs/lock_dlm_thread.c
1777-linux-2.6.28/ubuntu/gfs/locking.c
1778-linux-2.6.28/ubuntu/gfs/lock_nolock_main.c
1779-linux-2.6.28/ubuntu/gfs/log.c
1780-linux-2.6.28/ubuntu/gfs/log.h
1781-linux-2.6.28/ubuntu/gfs/lops.c
1782-linux-2.6.28/ubuntu/gfs/lops.h
1783-linux-2.6.28/ubuntu/gfs/lvb.c
1784-linux-2.6.28/ubuntu/gfs/lvb.h
1785-linux-2.6.28/ubuntu/gfs/main.c
1786-linux-2.6.28/ubuntu/gfs/mount.c
1787-linux-2.6.28/ubuntu/gfs/mount.h
1788-linux-2.6.28/ubuntu/gfs/ondisk.c
1789-linux-2.6.28/ubuntu/gfs/ops_address.c
1790-linux-2.6.28/ubuntu/gfs/ops_address.h
1791-linux-2.6.28/ubuntu/gfs/ops_dentry.c
1792-linux-2.6.28/ubuntu/gfs/ops_dentry.h
1793-linux-2.6.28/ubuntu/gfs/ops_export.c
1794-linux-2.6.28/ubuntu/gfs/ops_export.h
1795-linux-2.6.28/ubuntu/gfs/ops_file.c
1796-linux-2.6.28/ubuntu/gfs/ops_file.h
1797-linux-2.6.28/ubuntu/gfs/ops_fstype.c
1798-linux-2.6.28/ubuntu/gfs/ops_fstype.h
1799-linux-2.6.28/ubuntu/gfs/ops_inode.c
1800-linux-2.6.28/ubuntu/gfs/ops_inode.h
1801-linux-2.6.28/ubuntu/gfs/ops_super.c
1802-linux-2.6.28/ubuntu/gfs/ops_super.h
1803-linux-2.6.28/ubuntu/gfs/ops_vm.c
1804-linux-2.6.28/ubuntu/gfs/ops_vm.h
1805-linux-2.6.28/ubuntu/gfs/page.c
1806-linux-2.6.28/ubuntu/gfs/page.h
1807-linux-2.6.28/ubuntu/gfs/proc.c
1808-linux-2.6.28/ubuntu/gfs/proc.h
1809-linux-2.6.28/ubuntu/gfs/quota.c
1810-linux-2.6.28/ubuntu/gfs/quota.h
1811-linux-2.6.28/ubuntu/gfs/recovery.c
1812-linux-2.6.28/ubuntu/gfs/recovery.h
1813-linux-2.6.28/ubuntu/gfs/rgrp.c
1814-linux-2.6.28/ubuntu/gfs/rgrp.h
1815-linux-2.6.28/ubuntu/gfs/super.c
1816-linux-2.6.28/ubuntu/gfs/super.h
1817-linux-2.6.28/ubuntu/gfs/sys.c
1818-linux-2.6.28/ubuntu/gfs/sys.h
1819-linux-2.6.28/ubuntu/gfs/trans.c
1820-linux-2.6.28/ubuntu/gfs/trans.h
1821-linux-2.6.28/ubuntu/gfs/unlinked.c
1822-linux-2.6.28/ubuntu/gfs/unlinked.h
1823-linux-2.6.28/ubuntu/gfs/util.c
1824-linux-2.6.28/ubuntu/gfs/util.h
1825-linux-2.6.28/ubuntu/heci/heci_data_structures.h
1826-linux-2.6.28/ubuntu/heci/heci.h
1827-linux-2.6.28/ubuntu/heci/heci_init.c
1828-linux-2.6.28/ubuntu/heci/heci_interface.c
1829-linux-2.6.28/ubuntu/heci/heci_interface.h
1830-linux-2.6.28/ubuntu/heci/heci_main.c
1831-linux-2.6.28/ubuntu/heci/interrupt.c
1832-linux-2.6.28/ubuntu/heci/io_heci.c
1833-linux-2.6.28/ubuntu/heci/kcompat.h
1834-linux-2.6.28/ubuntu/heci/version.h
1835-linux-2.6.28/ubuntu/include/linux/aufs_types.h
1836-linux-2.6.28/ubuntu/include/linux/squashfs_fs.h
1837-linux-2.6.28/ubuntu/include/linux/squashfs_fs_i.h
1838-linux-2.6.28/ubuntu/include/linux/squashfs_fs_sb.h
1839-linux-2.6.28/ubuntu/include/linux/tlsf.h
1840-linux-2.6.28/ubuntu/iscsitarget/block-io.c
1841-linux-2.6.28/ubuntu/iscsitarget/config.c
1842-linux-2.6.28/ubuntu/iscsitarget/conn.c
1843-linux-2.6.28/ubuntu/iscsitarget/digest.c
1844-linux-2.6.28/ubuntu/iscsitarget/digest.h
1845-linux-2.6.28/ubuntu/iscsitarget/event.c
1846-linux-2.6.28/ubuntu/iscsitarget/file-io.c
1847-linux-2.6.28/ubuntu/iscsitarget/iet_u.h
1848-linux-2.6.28/ubuntu/iscsitarget/include/iet_u.h
1849-linux-2.6.28/ubuntu/iscsitarget/iotype.c
1850-linux-2.6.28/ubuntu/iscsitarget/iotype.h
1851-linux-2.6.28/ubuntu/iscsitarget/iscsi.c
1852-linux-2.6.28/ubuntu/iscsitarget/iscsi_dbg.h
1853-linux-2.6.28/ubuntu/iscsitarget/iscsi.h
1854-linux-2.6.28/ubuntu/iscsitarget/iscsi_hdr.h
1855-linux-2.6.28/ubuntu/iscsitarget/nthread.c
1856-linux-2.6.28/ubuntu/iscsitarget/null-io.c
1857-linux-2.6.28/ubuntu/iscsitarget/param.c
1858-linux-2.6.28/ubuntu/iscsitarget/session.c
1859-linux-2.6.28/ubuntu/iscsitarget/target.c
1860-linux-2.6.28/ubuntu/iscsitarget/target_disk.c
1861-linux-2.6.28/ubuntu/iscsitarget/tio.c
1862-linux-2.6.28/ubuntu/iscsitarget/volume.c
1863-linux-2.6.28/ubuntu/iscsitarget/wthread.c
1864-linux-2.6.28/ubuntu/lirc/kcompat.h
1865-linux-2.6.28/ubuntu/lirc/lirc_atiusb/lirc_atiusb.c
1866-linux-2.6.28/ubuntu/lirc/lirc_bt829/lirc_bt829.c
1867-linux-2.6.28/ubuntu/lirc/lirc_cmdir/commandir.c
1868-linux-2.6.28/ubuntu/lirc/lirc_cmdir/commandir.h
1869-linux-2.6.28/ubuntu/lirc/lirc_cmdir/lirc_cmdir.c
1870-linux-2.6.28/ubuntu/lirc/lirc_cmdir/lirc_cmdir.h
1871-linux-2.6.28/ubuntu/lirc/lirc_dev/lirc_dev.c
1872-linux-2.6.28/ubuntu/lirc/lirc_dev/lirc_dev.h
1873-linux-2.6.28/ubuntu/lirc/lirc_gpio/lirc_gpio.c
1874-linux-2.6.28/ubuntu/lirc/lirc.h
1875-linux-2.6.28/ubuntu/lirc/lirc_i2c/lirc_i2c.c
1876-linux-2.6.28/ubuntu/lirc/lirc_igorplugusb/lirc_igorplugusb.c
1877-linux-2.6.28/ubuntu/lirc/lirc_imon/lirc_imon.c
1878-linux-2.6.28/ubuntu/lirc/lirc_it87/lirc_it87.c
1879-linux-2.6.28/ubuntu/lirc/lirc_it87/lirc_it87.h
1880-linux-2.6.28/ubuntu/lirc/lirc_mceusb2/lirc_mceusb2.c
1881-linux-2.6.28/ubuntu/lirc/lirc_mceusb/lirc_mceusb.c
1882-linux-2.6.28/ubuntu/lirc/lirc_parallel/lirc_parallel.c
1883-linux-2.6.28/ubuntu/lirc/lirc_parallel/lirc_parallel.h
1884-linux-2.6.28/ubuntu/lirc/lirc_pvr150/lirc_pvr150.c
../../linux/linux-2.6.28/ubuntu/lirc/lirc_pvr150/lirc_pvr150.c
1885-linux-2.6.28/ubuntu/lirc/lirc_sasem/lirc_sasem.c
1886-linux-2.6.28/ubuntu/lirc/lirc_serial_igor/lirc_serial_igor.c
1887-linux-2.6.28/ubuntu/lirc/lirc_serial/lirc_serial.c
1888-linux-2.6.28/ubuntu/lirc/lirc_sir/lirc_sir.c
1889-linux-2.6.28/ubuntu/lirc/lirc_streamzap/lirc_streamzap.c
1890-linux-2.6.28/ubuntu/lirc/lirc_ttusbir/lirc_ttusbir.c
1891-linux-2.6.28/ubuntu/misc/acerhk.c
1892-linux-2.6.28/ubuntu/misc/acerhk.h
1893-linux-2.6.28/ubuntu/misc/appleir.c
1894-linux-2.6.28/ubuntu/misc/dm-bbr.c
1895-linux-2.6.28/ubuntu/misc/dm-bbr.h
1896-linux-2.6.28/ubuntu/misc/fsam7400.c
1897-linux-2.6.28/ubuntu/misc/lmpcm_usb.c
1898-linux-2.6.28/ubuntu/misc/media/ov511/ov511.c
1899-linux-2.6.28/ubuntu/misc/media/ov511/ov511_decomp.c
1900-linux-2.6.28/ubuntu/misc/media/ov511/ov511.h
1901-linux-2.6.28/ubuntu/misc/media/ov511/ov518_decomp.c
../../linux/linux-2.6.28/ubuntu/misc/media/ov511/ov518_decomp.c
1902-linux-2.6.28/ubuntu/misc/media/snd-bt-sco.c
../../linux/linux-2.6.28/ubuntu/misc/media/snd-bt-sco.c
1903-linux-2.6.28/ubuntu/misc/thinkpad_ec.c
1904-linux-2.6.28/ubuntu/misc/thinkpad_ec.h
1905-linux-2.6.28/ubuntu/misc/tp_smapi.c
1906-linux-2.6.28/ubuntu/misc/wireless/acx/acx_config.h
1907-linux-2.6.28/ubuntu/misc/wireless/acx/acx_func.h
1908-linux-2.6.28/ubuntu/misc/wireless/acx/acx.h
1909-linux-2.6.28/ubuntu/misc/wireless/acx/acx_struct.h
../../linux/linux-2.6.28/ubuntu/misc/wireless/acx/acx_struct.h
1910-linux-2.6.28/ubuntu/misc/wireless/acx/common.c
../../linux/linux-2.6.28/ubuntu/misc/wireless/acx/common.c
1911-linux-2.6.28/ubuntu/misc/wireless/acx/conv.c
1912-linux-2.6.28/ubuntu/misc/wireless/acx/ioctl.c
1913-linux-2.6.28/ubuntu/misc/wireless/acx/pci.c
1914-linux-2.6.28/ubuntu/misc/wireless/acx/setrate.c
1915-linux-2.6.28/ubuntu/misc/wireless/acx/usb.c
1916-linux-2.6.28/ubuntu/misc/wireless/acx/wlan.c
1917-linux-2.6.28/ubuntu/misc/wireless/acx/wlan_compat.h
1918-linux-2.6.28/ubuntu/misc/wireless/acx/wlan_hdr.h
1919-linux-2.6.28/ubuntu/misc/wireless/acx/wlan_mgmt.h
1920-linux-2.6.28/ubuntu/misc/wireless/p80211/p80211conv.c
1921-linux-2.6.28/ubuntu/misc/wireless/p80211/p80211mod.c
1922-linux-2.6.28/ubuntu/misc/wireless/p80211/p80211netdev.c
1923-linux-2.6.28/ubuntu/misc/wireless/p80211/p80211req.c
1924-linux-2.6.28/ubuntu/misc/wireless/p80211/p80211wep.c
1925-linux-2.6.28/ubuntu/misc/wireless/p80211/p80211wext.c
1926-linux-2.6.28/ubuntu/misc/wireless/p80211/wlan/p80211conv.h
1927-linux-2.6.28/ubuntu/misc/wireless/p80211/wlan/p80211hdr.h
1928-linux-2.6.28/ubuntu/misc/wireless/p80211/wlan/p80211ioctl.h
1929-linux-2.6.28/ubuntu/misc/wireless/p80211/wlan/p80211metadef.h
1930-linux-2.6.28/ubuntu/misc/wireless/p80211/wlan/p80211meta.h
1931-linux-2.6.28/ubuntu/misc/wireless/p80211/wlan/p80211metamib.h
1932-linux-2.6.28/ubuntu/misc/wireless/p80211/wlan/p80211metamsg.h
1933-linux-2.6.28/ubuntu/misc/wireless/p80211/wlan/p80211metastruct.h
1934-linux-2.6.28/ubuntu/misc/wireless/p80211/wlan/p80211mgmt.h
1935-linux-2.6.28/ubuntu/misc/wireless/p80211/wlan/p80211msg.h
1936-linux-2.6.28/ubuntu/misc/wireless/p80211/wlan/p80211netdev.h
1937-linux-2.6.28/ubuntu/misc/wireless/p80211/wlan/p80211req.h
1938-linux-2.6.28/ubuntu/misc/wireless/p80211/wlan/p80211types.h
1939-linux-2.6.28/ubuntu/misc/wireless/p80211/wlan/version.h
1940-linux-2.6.28/ubuntu/misc/wireless/p80211/wlan/wlan_compat.h
1941-linux-2.6.28/ubuntu/misc/wireless/prism2_usb/hfa384x.c
1942-linux-2.6.28/ubuntu/misc/wireless/prism2_usb/hfa384x_usb.c
1943-linux-2.6.28/ubuntu/misc/wireless/prism2_usb/prism2/hfa384x.h
1944-linux-2.6.28/ubuntu/misc/wireless/prism2_usb/prism2mgmt.c
1945-linux-2.6.28/ubuntu/misc/wireless/prism2_usb/prism2mib.c
1946-linux-2.6.28/ubuntu/misc/wireless/prism2_usb/prism2/prism2mgmt.h
1947-linux-2.6.28/ubuntu/misc/wireless/prism2_usb/prism2sta.c
1948-linux-2.6.28/ubuntu/misc/wireless/prism2_usb/prism2_usb.c
1949-linux-2.6.28/ubuntu/ndiswrapper/crt.c
1950-linux-2.6.28/ubuntu/ndiswrapper/divdi3.c
1951-linux-2.6.28/ubuntu/ndiswrapper/hal.c
1952-linux-2.6.28/ubuntu/ndiswrapper/iw_ndis.c
1953-linux-2.6.28/ubuntu/ndiswrapper/iw_ndis.h
1954-linux-2.6.28/ubuntu/ndiswrapper/lin2win.h
1955-linux-2.6.28/ubuntu/ndiswrapper/loader.c
1956-linux-2.6.28/ubuntu/ndiswrapper/loader.h
1957-linux-2.6.28/ubuntu/ndiswrapper/longlong.h
1958-linux-2.6.28/ubuntu/ndiswrapper/mkexport.sh
1959-linux-2.6.28/ubuntu/ndiswrapper/mkstubs.sh
1960-linux-2.6.28/ubuntu/ndiswrapper/ndis.c
1961-linux-2.6.28/ubuntu/ndiswrapper/ndis.h
1962-linux-2.6.28/ubuntu/ndiswrapper/ndiswrapper.h
1963-linux-2.6.28/ubuntu/ndiswrapper/ntoskernel.c
1964-linux-2.6.28/ubuntu/ndiswrapper/ntoskernel.h
1965-linux-2.6.28/ubuntu/ndiswrapper/ntoskernel_io.c
1966-linux-2.6.28/ubuntu/ndiswrapper/pe_linker.c
1967-linux-2.6.28/ubuntu/ndiswrapper/pe_linker.h
1968-linux-2.6.28/ubuntu/ndiswrapper/pnp.c
1969-linux-2.6.28/ubuntu/ndiswrapper/pnp.h
1970-linux-2.6.28/ubuntu/ndiswrapper/proc.c
1971-linux-2.6.28/ubuntu/ndiswrapper/rtl.c
1972-linux-2.6.28/ubuntu/ndiswrapper/usb.c
1973-linux-2.6.28/ubuntu/ndiswrapper/usb.h
1974-linux-2.6.28/ubuntu/ndiswrapper/winnt_types.h
1975-linux-2.6.28/ubuntu/ndiswrapper/wrapmem.c
1976-linux-2.6.28/ubuntu/ndiswrapper/wrapmem.h
1977-linux-2.6.28/ubuntu/ndiswrapper/wrapndis.c
1978-linux-2.6.28/ubuntu/ndiswrapper/wrapndis.h
1979-linux-2.6.28/ubuntu/ndiswrapper/wrapper.c
1980-linux-2.6.28/ubuntu/ndiswrapper/wrapper.h
1981-linux-2.6.28/ubuntu/qc-usb/qc-driver.c
../../linux/linux-2.6.28/ubuntu/qc-usb/qc-driver.c
1982-linux-2.6.28/ubuntu/qc-usb/qc-formats.c
1983-linux-2.6.28/ubuntu/qc-usb/qc-hdcs.c
1984-linux-2.6.28/ubuntu/qc-usb/qc-memory.c
1985-linux-2.6.28/ubuntu/qc-usb/qc-memory.h
1986-linux-2.6.28/ubuntu/qc-usb/qc-mjpeg.c
../../linux/linux-2.6.28/ubuntu/qc-usb/qc-mjpeg.c
1987-linux-2.6.28/ubuntu/qc-usb/qc-pb0100.c
1988-linux-2.6.28/ubuntu/qc-usb/qc-vv6410.c
1989-linux-2.6.28/ubuntu/qc-usb/quickcam.h
1990-linux-2.6.28/ubuntu/qc-usb/videodev2.h
1991-linux-2.6.28/ubuntu/qc-usb/videodevfix.h
1992-linux-2.6.28/ubuntu/rfkill/av5100.c
1993-linux-2.6.28/ubuntu/rfkill/pbe5.c
1994-linux-2.6.28/ubuntu/squashfs/inode.c
1995-linux-2.6.28/ubuntu/squashfs/squashfs2_0.c
1996-linux-2.6.28/ubuntu/squashfs/squashfs.h
1997-linux-2.6.28/ubuntu/tlsup/tlsup_acpi.c
1998-linux-2.6.28/ubuntu/tlsup/tlsup_acpi.h
1999-linux-2.6.28/ubuntu/tlsup/tlsup_backlight.c
2000-linux-2.6.28/ubuntu/tlsup/tlsup_backlight.h
2001-linux-2.6.28/ubuntu/tlsup/tlsup.h
2002-linux-2.6.28/ubuntu/tlsup/tlsup_hotkeys.c
2003-linux-2.6.28/ubuntu/tlsup/tlsup_hotkeys.h
2004-linux-2.6.28/ubuntu/tlsup/tlsup_mod.c
2005-linux-2.6.28/ubuntu/tlsup/tlsup_radios.c
2006-linux-2.6.28/ubuntu/tlsup/tlsup_radios.h
2007-linux-2.6.28/ubuntu/unionfs/branchman.c
2008-linux-2.6.28/ubuntu/unionfs/commonfops.c
2009-linux-2.6.28/ubuntu/unionfs/copyup.c
2010-linux-2.6.28/ubuntu/unionfs/dentry.c
2011-linux-2.6.28/ubuntu/unionfs/dirfops.c
2012-linux-2.6.28/ubuntu/unionfs/dirhelper.c
2013-linux-2.6.28/ubuntu/unionfs/file.c
2014-linux-2.6.28/ubuntu/unionfs/inode.c
2015-linux-2.6.28/ubuntu/unionfs/lookup.c
2016-linux-2.6.28/ubuntu/unionfs/main.c
2017-linux-2.6.28/ubuntu/unionfs/persistent_inode.c
2018-linux-2.6.28/ubuntu/unionfs/print.c
2019-linux-2.6.28/ubuntu/unionfs/rdstate.c
2020-linux-2.6.28/ubuntu/unionfs/rename.c
2021-linux-2.6.28/ubuntu/unionfs/sioq.c
2022-linux-2.6.28/ubuntu/unionfs/sioq.h
2023-linux-2.6.28/ubuntu/unionfs/stale_inode.c
2024-linux-2.6.28/ubuntu/unionfs/subr.c
2025-linux-2.6.28/ubuntu/unionfs/super.c
2026-linux-2.6.28/ubuntu/unionfs/unionfs_debug.h
2027-linux-2.6.28/ubuntu/unionfs/unionfs.h
2028-linux-2.6.28/ubuntu/unionfs/unionfs_imap.h
2029-linux-2.6.28/ubuntu/unionfs/unionfs_macros.h
2030-linux-2.6.28/ubuntu/unionfs/unlink.c
2031-linux-2.6.28/ubuntu/unionfs/xattr.c
